#
# There is insufficient memory for the Java Runtime Environment to continue.
# Native memory allocation (malloc) failed to allocate 1739216 bytes for Chunk::new
# Possible reasons:
#   The system is out of physical RAM or swap space
#   The process is running with CompressedOops enabled, and the Java Heap may be blocking the growth of the native heap
# Possible solutions:
#   Reduce memory load on the system
#   Increase physical memory or swap space
#   Check if swap backing store is full
#   Decrease Java heap size (-Xmx/-Xms)
#   Decrease number of Java threads
#   Decrease Java thread stack sizes (-Xss)
#   Set larger code cache with -XX:ReservedCodeCacheSize=
#   JVM is running with Unscaled Compressed Oops mode in which the Java heap is
#     placed in the first 4GB address space. The Java Heap base address is the
#     maximum limit for the native heap growth. Please use -XX:HeapBaseMinAddress
#     to set the Java Heap base and to place the Java Heap above 4GB virtual address.
# This output file may be truncated or incomplete.
#
#  Out of Memory Error (./src/hotspot/share/memory/arena.cpp:197), pid=18268, tid=20720
#
# JRE version: OpenJDK Runtime Environment (11.0.11+9) (build 11.0.11+9-b60-7590822)
# Java VM: OpenJDK 64-Bit Server VM (11.0.11+9-b60-7590822, mixed mode, tiered, compressed oops, g1 gc, windows-amd64)
# No core dump will be written. Minidumps are not enabled by default on client versions of Windows
#

---------------  S U M M A R Y ------------

Command Line: --add-opens=java.base/java.util=ALL-UNNAMED --add-opens=java.base/java.lang=ALL-UNNAMED --add-opens=java.base/java.lang.invoke=ALL-UNNAMED --add-opens=java.base/java.util=ALL-UNNAMED --add-opens=java.prefs/java.util.prefs=ALL-UNNAMED --add-opens=java.prefs/java.util.prefs=ALL-UNNAMED --add-opens=java.base/java.nio.charset=ALL-UNNAMED --add-opens=java.base/java.net=ALL-UNNAMED --add-opens=java.base/java.util.concurrent.atomic=ALL-UNNAMED -Xmx2048m -Dfile.encoding=UTF-8 -Duser.country=IN -Duser.language=en -Duser.variant org.gradle.launcher.daemon.bootstrap.GradleDaemon 7.2

Host: 11th Gen Intel(R) Core(TM) i5-1135G7 @ 2.40GHz, 8 cores, 15G,  Windows 10 , 64 bit Build 19041 (10.0.19041.1645)
Time: Thu Jul  7 14:28:38 2022 India Standard Time elapsed time: 19.238523 seconds (0d 0h 0m 19s)

---------------  T H R E A D  ---------------

Current thread (0x000001defb958000):  JavaThread "C2 CompilerThread1" daemon [_thread_in_native, id=20720, stack(0x000000c813d00000,0x000000c813e00000)]


Current CompileTask:
C2:  19238 10468       4       com.google.common.collect.TransformedIterator::next (14 bytes)

Stack: [0x000000c813d00000,0x000000c813e00000]
Native frames: (J=compiled Java code, j=interpreted, Vv=VM code, C=native code)
V  [jvm.dll+0x5f214a]
V  [jvm.dll+0x726fb5]
V  [jvm.dll+0x7285cd]
V  [jvm.dll+0x728c83]
V  [jvm.dll+0x243278]
V  [jvm.dll+0xbc53c]
V  [jvm.dll+0xbca3c]
V  [jvm.dll+0x353e3b]
V  [jvm.dll+0x321893]
V  [jvm.dll+0x320d8a]
V  [jvm.dll+0x1fc1e2]
V  [jvm.dll+0x1fb3d4]
V  [jvm.dll+0x183d6c]
V  [jvm.dll+0x209a57]
V  [jvm.dll+0x2082a1]
V  [jvm.dll+0x6ef58f]
V  [jvm.dll+0x6e80b5]
V  [jvm.dll+0x5f1036]
C  [ucrtbase.dll+0x21bb2]
C  [KERNEL32.DLL+0x17034]
C  [ntdll.dll+0x52651]


---------------  P R O C E S S  ---------------

Threads class SMR info:
_java_thread_list=0x000001defb797510, length=135, elements={
0x000001ded9a9a800, 0x000001def4780800, 0x000001def4784000, 0x000001def47e2800,
0x000001def47e7000, 0x000001def47e8000, 0x000001def47ea000, 0x000001def47ee000,
0x000001def4820000, 0x000001def4979000, 0x000001def638b000, 0x000001def7439800,
0x000001def6c1b800, 0x000001def5b7f000, 0x000001def6c93800, 0x000001def6850000,
0x000001def75ee800, 0x000001def6cb2000, 0x000001def6c4e800, 0x000001def63fb800,
0x000001def63fb000, 0x000001def63f9800, 0x000001def63f8800, 0x000001def63fa000,
0x000001def63f6000, 0x000001def63f7800, 0x000001def63fc800, 0x000001def63f7000,
0x000001def8628000, 0x000001def8627000, 0x000001def8629800, 0x000001def862a800,
0x000001def862c000, 0x000001def8626800, 0x000001def862e800, 0x000001def862f800,
0x000001def8632000, 0x000001def8630000, 0x000001def8631000, 0x000001def8632800,
0x000001def862d000, 0x000001def8633800, 0x000001def862d800, 0x000001def8634800,
0x000001def8635000, 0x000001def7b54000, 0x000001def7b55800, 0x000001def7b56800,
0x000001def7b57000, 0x000001def7b58000, 0x000001def7b59000, 0x000001def7b53000,
0x000001def7b59800, 0x000001def7b5a800, 0x000001def7b55000, 0x000001def7b61000,
0x000001def7b5d000, 0x000001def7b5d800, 0x000001def7b5f800, 0x000001def7b5e800,
0x000001def7b5c000, 0x000001def7b60000, 0x000001def7b5b800, 0x000001def7b62000,
0x000001def7b63000, 0x000001def7b69800, 0x000001def7b65800, 0x000001def7b67000,
0x000001def7b66800, 0x000001def7b68000, 0x000001def7b69000, 0x000001def7b64000,
0x000001def7b65000, 0x000001def7b70000, 0x000001def7b6f800, 0x000001def7b6d000,
0x000001def7b6d800, 0x000001def7b6c000, 0x000001def7b6a800, 0x000001def7b6e800,
0x000001def7b71000, 0x000001def7b6b800, 0x000001def7b72000, 0x000001def59e8800,
0x000001def59ec000, 0x000001def59ec800, 0x000001def59eb000, 0x000001def59ea800,
0x000001def59ed800, 0x000001def59e8000, 0x000001def59ee800, 0x000001def59ef000,
0x000001def59e9800, 0x000001def59f5000, 0x000001def59f2800, 0x000001def59f5800,
0x000001def59f3800, 0x000001def59f0000, 0x000001def59f4000, 0x000001def59f6800,
0x000001def59f1000, 0x000001def59f1800, 0x000001def77f6000, 0x000001def77f2800,
0x000001def77f0800, 0x000001def77f4800, 0x000001def77f7000, 0x000001def77f3800,
0x000001def77f2000, 0x000001def77f5000, 0x000001def77f1000, 0x000001def77fb800,
0x000001def77fa000, 0x000001def77fd800, 0x000001def77fb000, 0x000001def77fc800,
0x000001def77f7800, 0x000001def77fe000, 0x000001def77f8800, 0x000001def77f9800,
0x000001def77ff000, 0x000001def9f6f800, 0x000001def9f6d000, 0x000001def9f6b800,
0x000001def9f73000, 0x000001def9f71000, 0x000001def9f72000, 0x000001def9f6e800,
0x000001def9f6e000, 0x000001def9f74800, 0x000001def9f76000, 0x000001def9f75800,
0x000001def9f73800, 0x000001def9f70800, 0x000001defb958000
}

Java Threads: ( => current thread )
  0x000001ded9a9a800 JavaThread "main" [_thread_blocked, id=25956, stack(0x000000c80a700000,0x000000c80a800000)]
  0x000001def4780800 JavaThread "Reference Handler" daemon [_thread_blocked, id=24744, stack(0x000000c80ae00000,0x000000c80af00000)]
  0x000001def4784000 JavaThread "Finalizer" daemon [_thread_blocked, id=15328, stack(0x000000c80af00000,0x000000c80b000000)]
  0x000001def47e2800 JavaThread "Signal Dispatcher" daemon [_thread_blocked, id=12436, stack(0x000000c80b000000,0x000000c80b100000)]
  0x000001def47e7000 JavaThread "Attach Listener" daemon [_thread_blocked, id=18340, stack(0x000000c80b100000,0x000000c80b200000)]
  0x000001def47e8000 JavaThread "Service Thread" daemon [_thread_blocked, id=5060, stack(0x000000c80b200000,0x000000c80b300000)]
  0x000001def47ea000 JavaThread "C2 CompilerThread0" daemon [_thread_in_native, id=23392, stack(0x000000c80b300000,0x000000c80b400000)]
  0x000001def47ee000 JavaThread "C1 CompilerThread0" daemon [_thread_blocked, id=18624, stack(0x000000c80b400000,0x000000c80b500000)]
  0x000001def4820000 JavaThread "Sweeper thread" daemon [_thread_blocked, id=16748, stack(0x000000c80b500000,0x000000c80b600000)]
  0x000001def4979000 JavaThread "Common-Cleaner" daemon [_thread_blocked, id=11808, stack(0x000000c80b600000,0x000000c80b700000)]
  0x000001def638b000 JavaThread "Daemon health stats" [_thread_blocked, id=4372, stack(0x000000c80bf00000,0x000000c80c000000)]
  0x000001def7439800 JavaThread "Incoming local TCP Connector on port 53687" [_thread_in_native, id=6744, stack(0x000000c80c000000,0x000000c80c100000)]
  0x000001def6c1b800 JavaThread "Daemon periodic checks" [_thread_blocked, id=1040, stack(0x000000c80c100000,0x000000c80c200000)]
  0x000001def5b7f000 JavaThread "Daemon" [_thread_blocked, id=7764, stack(0x000000c80c200000,0x000000c80c300000)]
  0x000001def6c93800 JavaThread "Handler for socket connection from /127.0.0.1:53687 to /127.0.0.1:53688" [_thread_in_native, id=25380, stack(0x000000c80c300000,0x000000c80c400000)]
  0x000001def6850000 JavaThread "Cancel handler" [_thread_blocked, id=8624, stack(0x000000c80c400000,0x000000c80c500000)]
  0x000001def75ee800 JavaThread "Daemon worker" [_thread_blocked, id=18664, stack(0x000000c80c500000,0x000000c80c600000)]
  0x000001def6cb2000 JavaThread "Asynchronous log dispatcher for DefaultDaemonConnection: socket connection from /127.0.0.1:53687 to /127.0.0.1:53688" [_thread_blocked, id=20524, stack(0x000000c80c600000,0x000000c80c700000)]
  0x000001def6c4e800 JavaThread "Stdin handler" [_thread_blocked, id=14448, stack(0x000000c80c700000,0x000000c80c800000)]
  0x000001def63fb800 JavaThread "Daemon client event forwarder" [_thread_blocked, id=1616, stack(0x000000c80c800000,0x000000c80c900000)]
  0x000001def63fb000 JavaThread "Cache worker for journal cache (C:\Users\hp\.gradle\caches\journal-1)" [_thread_blocked, id=13088, stack(0x000000c80c900000,0x000000c80ca00000)]
  0x000001def63f9800 JavaThread "File lock request listener" [_thread_in_native, id=17248, stack(0x000000c80ca00000,0x000000c80cb00000)]
  0x000001def63f8800 JavaThread "Cache worker for file hash cache (C:\Users\hp\.gradle\caches\7.2\fileHashes)" [_thread_blocked, id=8820, stack(0x000000c80cb00000,0x000000c80cc00000)]
  0x000001def63fa000 JavaThread "Cache worker for file hash cache (D:\Android studio\QR\.gradle\7.2\fileHashes)" [_thread_blocked, id=10748, stack(0x000000c80ce00000,0x000000c80cf00000)]
  0x000001def63f6000 JavaThread "File watcher server" daemon [_thread_in_native, id=15720, stack(0x000000c80cf00000,0x000000c80d000000)]
  0x000001def63f7800 JavaThread "File watcher consumer" daemon [_thread_blocked, id=11260, stack(0x000000c80d100000,0x000000c80d200000)]
  0x000001def63fc800 JavaThread "Cache worker for checksums cache (D:\Android studio\QR\.gradle\checksums)" [_thread_blocked, id=16248, stack(0x000000c80d000000,0x000000c80d100000)]
  0x000001def63f7000 JavaThread "Cache worker for cache directory md-supplier (C:\Users\hp\.gradle\caches\7.2\md-supplier)" [_thread_blocked, id=13220, stack(0x000000c80d200000,0x000000c80d300000)]
  0x000001def8628000 JavaThread "Cache worker for cache directory md-rule (C:\Users\hp\.gradle\caches\7.2\md-rule)" [_thread_blocked, id=15408, stack(0x000000c80d300000,0x000000c80d400000)]
  0x000001def8627000 JavaThread "Cache worker for execution history cache (C:\Users\hp\.gradle\caches\7.2\executionHistory)" [_thread_blocked, id=1796, stack(0x000000c80d400000,0x000000c80d500000)]
  0x000001def8629800 JavaThread "jar transforms" [_thread_blocked, id=16528, stack(0x000000c80d600000,0x000000c80d700000)]
  0x000001def862a800 JavaThread "Cache worker for file content cache (C:\Users\hp\.gradle\caches\7.2\fileContent)" [_thread_blocked, id=1500, stack(0x000000c80d700000,0x000000c80d800000)]
  0x000001def862c000 JavaThread "jar transforms Thread 2" [_thread_blocked, id=20484, stack(0x000000c80d800000,0x000000c80d900000)]
  0x000001def8626800 JavaThread "Cache worker for dependencies-accessors (D:\Android studio\QR\.gradle\7.2\dependencies-accessors)" [_thread_blocked, id=20940, stack(0x000000c80d900000,0x000000c80da00000)]
  0x000001def862e800 JavaThread "jar transforms Thread 3" [_thread_blocked, id=15228, stack(0x000000c80da00000,0x000000c80db00000)]
  0x000001def862f800 JavaThread "Cache worker for Build Output Cleanup Cache (D:\Android studio\QR\.gradle\buildOutputCleanup)" [_thread_blocked, id=17024, stack(0x000000c80d500000,0x000000c80d600000)]
  0x000001def8632000 JavaThread "Unconstrained build operations" [_thread_blocked, id=25944, stack(0x000000c80db00000,0x000000c80dc00000)]
  0x000001def8630000 JavaThread "Unconstrained build operations Thread 2" [_thread_blocked, id=16920, stack(0x000000c80dc00000,0x000000c80dd00000)]
  0x000001def8631000 JavaThread "Unconstrained build operations Thread 3" [_thread_blocked, id=2884, stack(0x000000c80dd00000,0x000000c80de00000)]
  0x000001def8632800 JavaThread "Unconstrained build operations Thread 4" [_thread_blocked, id=8652, stack(0x000000c80de00000,0x000000c80df00000)]
  0x000001def862d000 JavaThread "Unconstrained build operations Thread 5" [_thread_blocked, id=9836, stack(0x000000c80df00000,0x000000c80e000000)]
  0x000001def8633800 JavaThread "Unconstrained build operations Thread 6" [_thread_blocked, id=12056, stack(0x000000c80e000000,0x000000c80e100000)]
  0x000001def862d800 JavaThread "Unconstrained build operations Thread 7" [_thread_blocked, id=15860, stack(0x000000c80e100000,0x000000c80e200000)]
  0x000001def8634800 JavaThread "Unconstrained build operations Thread 8" [_thread_blocked, id=1848, stack(0x000000c80e200000,0x000000c80e300000)]
  0x000001def8635000 JavaThread "Unconstrained build operations Thread 9" [_thread_blocked, id=18160, stack(0x000000c80e300000,0x000000c80e400000)]
  0x000001def7b54000 JavaThread "Unconstrained build operations Thread 10" [_thread_blocked, id=23060, stack(0x000000c80e400000,0x000000c80e500000)]
  0x000001def7b55800 JavaThread "Unconstrained build operations Thread 11" [_thread_blocked, id=1604, stack(0x000000c80e500000,0x000000c80e600000)]
  0x000001def7b56800 JavaThread "Unconstrained build operations Thread 12" [_thread_blocked, id=25460, stack(0x000000c80e600000,0x000000c80e700000)]
  0x000001def7b57000 JavaThread "Unconstrained build operations Thread 13" [_thread_blocked, id=5756, stack(0x000000c80e700000,0x000000c80e800000)]
  0x000001def7b58000 JavaThread "Unconstrained build operations Thread 14" [_thread_blocked, id=24836, stack(0x000000c80e800000,0x000000c80e900000)]
  0x000001def7b59000 JavaThread "Unconstrained build operations Thread 15" [_thread_blocked, id=20256, stack(0x000000c80e900000,0x000000c80ea00000)]
  0x000001def7b53000 JavaThread "Unconstrained build operations Thread 16" [_thread_blocked, id=5576, stack(0x000000c80ea00000,0x000000c80eb00000)]
  0x000001def7b59800 JavaThread "Unconstrained build operations Thread 17" [_thread_blocked, id=23884, stack(0x000000c80eb00000,0x000000c80ec00000)]
  0x000001def7b5a800 JavaThread "Unconstrained build operations Thread 18" [_thread_blocked, id=23856, stack(0x000000c80ec00000,0x000000c80ed00000)]
  0x000001def7b55000 JavaThread "Unconstrained build operations Thread 19" [_thread_blocked, id=17880, stack(0x000000c80ed00000,0x000000c80ee00000)]
  0x000001def7b61000 JavaThread "Unconstrained build operations Thread 20" [_thread_blocked, id=13660, stack(0x000000c80ee00000,0x000000c80ef00000)]
  0x000001def7b5d000 JavaThread "Unconstrained build operations Thread 21" [_thread_blocked, id=12140, stack(0x000000c80ef00000,0x000000c80f000000)]
  0x000001def7b5d800 JavaThread "Unconstrained build operations Thread 22" [_thread_blocked, id=3628, stack(0x000000c80f000000,0x000000c80f100000)]
  0x000001def7b5f800 JavaThread "Unconstrained build operations Thread 23" [_thread_blocked, id=16428, stack(0x000000c80f100000,0x000000c80f200000)]
  0x000001def7b5e800 JavaThread "Unconstrained build operations Thread 24" [_thread_blocked, id=16292, stack(0x000000c80f200000,0x000000c80f300000)]
  0x000001def7b5c000 JavaThread "Unconstrained build operations Thread 25" [_thread_blocked, id=21760, stack(0x000000c80f300000,0x000000c80f400000)]
  0x000001def7b60000 JavaThread "Unconstrained build operations Thread 26" [_thread_blocked, id=19380, stack(0x000000c80f400000,0x000000c80f500000)]
  0x000001def7b5b800 JavaThread "Unconstrained build operations Thread 27" [_thread_blocked, id=17592, stack(0x000000c80f500000,0x000000c80f600000)]
  0x000001def7b62000 JavaThread "Unconstrained build operations Thread 28" [_thread_blocked, id=14672, stack(0x000000c80f600000,0x000000c80f700000)]
  0x000001def7b63000 JavaThread "Unconstrained build operations Thread 29" [_thread_blocked, id=19976, stack(0x000000c80f700000,0x000000c80f800000)]
  0x000001def7b69800 JavaThread "Unconstrained build operations Thread 30" [_thread_blocked, id=8320, stack(0x000000c80f800000,0x000000c80f900000)]
  0x000001def7b65800 JavaThread "Unconstrained build operations Thread 31" [_thread_blocked, id=16136, stack(0x000000c80f900000,0x000000c80fa00000)]
  0x000001def7b67000 JavaThread "Unconstrained build operations Thread 32" [_thread_blocked, id=16304, stack(0x000000c80fa00000,0x000000c80fb00000)]
  0x000001def7b66800 JavaThread "Unconstrained build operations Thread 33" [_thread_blocked, id=24288, stack(0x000000c80fb00000,0x000000c80fc00000)]
  0x000001def7b68000 JavaThread "Unconstrained build operations Thread 34" [_thread_blocked, id=4664, stack(0x000000c80fc00000,0x000000c80fd00000)]
  0x000001def7b69000 JavaThread "Unconstrained build operations Thread 35" [_thread_blocked, id=13540, stack(0x000000c80fd00000,0x000000c80fe00000)]
  0x000001def7b64000 JavaThread "Unconstrained build operations Thread 36" [_thread_blocked, id=20448, stack(0x000000c80fe00000,0x000000c80ff00000)]
  0x000001def7b65000 JavaThread "Unconstrained build operations Thread 37" [_thread_blocked, id=8380, stack(0x000000c80ff00000,0x000000c810000000)]
  0x000001def7b70000 JavaThread "Unconstrained build operations Thread 38" [_thread_blocked, id=17700, stack(0x000000c810000000,0x000000c810100000)]
  0x000001def7b6f800 JavaThread "Unconstrained build operations Thread 39" [_thread_blocked, id=21772, stack(0x000000c810100000,0x000000c810200000)]
  0x000001def7b6d000 JavaThread "Unconstrained build operations Thread 40" [_thread_blocked, id=21408, stack(0x000000c810200000,0x000000c810300000)]
  0x000001def7b6d800 JavaThread "Unconstrained build operations Thread 41" [_thread_blocked, id=18992, stack(0x000000c810300000,0x000000c810400000)]
  0x000001def7b6c000 JavaThread "Unconstrained build operations Thread 42" [_thread_blocked, id=22840, stack(0x000000c810400000,0x000000c810500000)]
  0x000001def7b6a800 JavaThread "Unconstrained build operations Thread 43" [_thread_blocked, id=20432, stack(0x000000c810500000,0x000000c810600000)]
  0x000001def7b6e800 JavaThread "Unconstrained build operations Thread 44" [_thread_blocked, id=21444, stack(0x000000c810600000,0x000000c810700000)]
  0x000001def7b71000 JavaThread "Unconstrained build operations Thread 45" [_thread_blocked, id=15728, stack(0x000000c810700000,0x000000c810800000)]
  0x000001def7b6b800 JavaThread "Unconstrained build operations Thread 46" [_thread_blocked, id=15888, stack(0x000000c810800000,0x000000c810900000)]
  0x000001def7b72000 JavaThread "Unconstrained build operations Thread 47" [_thread_blocked, id=704, stack(0x000000c810900000,0x000000c810a00000)]
  0x000001def59e8800 JavaThread "Unconstrained build operations Thread 48" [_thread_blocked, id=2928, stack(0x000000c810a00000,0x000000c810b00000)]
  0x000001def59ec000 JavaThread "Unconstrained build operations Thread 49" [_thread_blocked, id=1496, stack(0x000000c810b00000,0x000000c810c00000)]
  0x000001def59ec800 JavaThread "Unconstrained build operations Thread 50" [_thread_blocked, id=17680, stack(0x000000c810c00000,0x000000c810d00000)]
  0x000001def59eb000 JavaThread "Unconstrained build operations Thread 51" [_thread_blocked, id=24496, stack(0x000000c810d00000,0x000000c810e00000)]
  0x000001def59ea800 JavaThread "Unconstrained build operations Thread 52" [_thread_blocked, id=7172, stack(0x000000c810e00000,0x000000c810f00000)]
  0x000001def59ed800 JavaThread "Unconstrained build operations Thread 53" [_thread_blocked, id=15824, stack(0x000000c810f00000,0x000000c811000000)]
  0x000001def59e8000 JavaThread "Unconstrained build operations Thread 54" [_thread_blocked, id=20952, stack(0x000000c811000000,0x000000c811100000)]
  0x000001def59ee800 JavaThread "Unconstrained build operations Thread 55" [_thread_blocked, id=24196, stack(0x000000c811100000,0x000000c811200000)]
  0x000001def59ef000 JavaThread "Unconstrained build operations Thread 56" [_thread_blocked, id=8924, stack(0x000000c811200000,0x000000c811300000)]
  0x000001def59e9800 JavaThread "Unconstrained build operations Thread 57" [_thread_blocked, id=2224, stack(0x000000c811300000,0x000000c811400000)]
  0x000001def59f5000 JavaThread "Unconstrained build operations Thread 58" [_thread_blocked, id=19932, stack(0x000000c811400000,0x000000c811500000)]
  0x000001def59f2800 JavaThread "Unconstrained build operations Thread 59" [_thread_blocked, id=11256, stack(0x000000c811500000,0x000000c811600000)]
  0x000001def59f5800 JavaThread "Unconstrained build operations Thread 60" [_thread_blocked, id=15164, stack(0x000000c811600000,0x000000c811700000)]
  0x000001def59f3800 JavaThread "Unconstrained build operations Thread 61" [_thread_blocked, id=23044, stack(0x000000c811700000,0x000000c811800000)]
  0x000001def59f0000 JavaThread "Unconstrained build operations Thread 62" [_thread_blocked, id=20664, stack(0x000000c811800000,0x000000c811900000)]
  0x000001def59f4000 JavaThread "Unconstrained build operations Thread 63" [_thread_blocked, id=26144, stack(0x000000c811900000,0x000000c811a00000)]
  0x000001def59f6800 JavaThread "Unconstrained build operations Thread 64" [_thread_blocked, id=20284, stack(0x000000c811a00000,0x000000c811b00000)]
  0x000001def59f1000 JavaThread "Unconstrained build operations Thread 65" [_thread_blocked, id=11924, stack(0x000000c811b00000,0x000000c811c00000)]
  0x000001def59f1800 JavaThread "Unconstrained build operations Thread 66" [_thread_blocked, id=25004, stack(0x000000c811c00000,0x000000c811d00000)]
  0x000001def77f6000 JavaThread "Unconstrained build operations Thread 67" [_thread_blocked, id=7496, stack(0x000000c811d00000,0x000000c811e00000)]
  0x000001def77f2800 JavaThread "Unconstrained build operations Thread 68" [_thread_blocked, id=25040, stack(0x000000c811e00000,0x000000c811f00000)]
  0x000001def77f0800 JavaThread "Unconstrained build operations Thread 69" [_thread_blocked, id=10872, stack(0x000000c811f00000,0x000000c812000000)]
  0x000001def77f4800 JavaThread "Unconstrained build operations Thread 70" [_thread_blocked, id=12904, stack(0x000000c812000000,0x000000c812100000)]
  0x000001def77f7000 JavaThread "Unconstrained build operations Thread 71" [_thread_blocked, id=19672, stack(0x000000c812100000,0x000000c812200000)]
  0x000001def77f3800 JavaThread "Unconstrained build operations Thread 72" [_thread_blocked, id=20092, stack(0x000000c812200000,0x000000c812300000)]
  0x000001def77f2000 JavaThread "Unconstrained build operations Thread 73" [_thread_blocked, id=10376, stack(0x000000c812300000,0x000000c812400000)]
  0x000001def77f5000 JavaThread "Unconstrained build operations Thread 74" [_thread_blocked, id=10572, stack(0x000000c812400000,0x000000c812500000)]
  0x000001def77f1000 JavaThread "Unconstrained build operations Thread 75" [_thread_blocked, id=19144, stack(0x000000c812500000,0x000000c812600000)]
  0x000001def77fb800 JavaThread "Unconstrained build operations Thread 76" [_thread_blocked, id=8992, stack(0x000000c812600000,0x000000c812700000)]
  0x000001def77fa000 JavaThread "Unconstrained build operations Thread 77" [_thread_blocked, id=20600, stack(0x000000c812700000,0x000000c812800000)]
  0x000001def77fd800 JavaThread "Unconstrained build operations Thread 78" [_thread_blocked, id=22004, stack(0x000000c812800000,0x000000c812900000)]
  0x000001def77fb000 JavaThread "Unconstrained build operations Thread 79" [_thread_blocked, id=23248, stack(0x000000c812900000,0x000000c812a00000)]
  0x000001def77fc800 JavaThread "Unconstrained build operations Thread 80" [_thread_blocked, id=8156, stack(0x000000c812a00000,0x000000c812b00000)]
  0x000001def77f7800 JavaThread "jar transforms Thread 4" [_thread_blocked, id=15704, stack(0x000000c812b00000,0x000000c812c00000)]
  0x000001def77fe000 JavaThread "jar transforms Thread 5" [_thread_blocked, id=19708, stack(0x000000c812c00000,0x000000c812d00000)]
  0x000001def77f8800 JavaThread "jar transforms Thread 6" [_thread_blocked, id=17120, stack(0x000000c812d00000,0x000000c812e00000)]
  0x000001def77f9800 JavaThread "jar transforms Thread 7" [_thread_blocked, id=19032, stack(0x000000c812e00000,0x000000c812f00000)]
  0x000001def77ff000 JavaThread "jar transforms Thread 8" [_thread_blocked, id=22764, stack(0x000000c812f00000,0x000000c813000000)]
  0x000001def9f6f800 JavaThread "Memory manager" [_thread_blocked, id=23164, stack(0x000000c813100000,0x000000c813200000)]
  0x000001def9f6d000 JavaThread "build event listener" [_thread_blocked, id=18724, stack(0x000000c80b800000,0x000000c80b900000)]
  0x000001def9f6b800 JavaThread "build event listener" [_thread_blocked, id=9696, stack(0x000000c813200000,0x000000c813300000)]
  0x000001def9f73000 JavaThread "pool-3-thread-1" [_thread_blocked, id=4176, stack(0x000000c813300000,0x000000c813400000)]
  0x000001def9f71000 JavaThread "build event listener" [_thread_blocked, id=23520, stack(0x000000c813400000,0x000000c813500000)]
  0x000001def9f72000 JavaThread "Execution worker for ':'" [_thread_blocked, id=19428, stack(0x000000c813500000,0x000000c813600000)]
  0x000001def9f6e800 JavaThread "Execution worker for ':' Thread 2" [_thread_blocked, id=1056, stack(0x000000c813600000,0x000000c813700000)]
  0x000001def9f6e000 JavaThread "Execution worker for ':' Thread 3" [_thread_blocked, id=18064, stack(0x000000c813700000,0x000000c813800000)]
  0x000001def9f74800 JavaThread "Execution worker for ':' Thread 4" [_thread_blocked, id=16172, stack(0x000000c813800000,0x000000c813900000)]
  0x000001def9f76000 JavaThread "Execution worker for ':' Thread 5" [_thread_blocked, id=7316, stack(0x000000c813900000,0x000000c813a00000)]
  0x000001def9f75800 JavaThread "Execution worker for ':' Thread 6" [_thread_in_Java, id=412, stack(0x000000c813a00000,0x000000c813b00000)]
  0x000001def9f73800 JavaThread "Execution worker for ':' Thread 7" [_thread_blocked, id=21792, stack(0x000000c813b00000,0x000000c813c00000)]
  0x000001def9f70800 JavaThread "Cache worker for execution history cache (D:\Android studio\QR\.gradle\7.2\executionHistory)" [_thread_blocked, id=17608, stack(0x000000c813c00000,0x000000c813d00000)]
=>0x000001defb958000 JavaThread "C2 CompilerThread1" daemon [_thread_in_native, id=20720, stack(0x000000c813d00000,0x000000c813e00000)]

Other Threads:
  0x000001def477e800 VMThread "VM Thread" [stack: 0x000000c80ad00000,0x000000c80ae00000] [id=25360]
  0x000001def49a7000 WatcherThread [stack: 0x000000c80b700000,0x000000c80b800000] [id=26140]
  0x000001ded9ab4000 GCTaskThread "GC Thread#0" [stack: 0x000000c80a800000,0x000000c80a900000] [id=19860]
  0x000001def5dd0800 GCTaskThread "GC Thread#1" [stack: 0x000000c80ba00000,0x000000c80bb00000] [id=2076]
  0x000001def55c7800 GCTaskThread "GC Thread#2" [stack: 0x000000c80bb00000,0x000000c80bc00000] [id=19624]
  0x000001def57b1800 GCTaskThread "GC Thread#3" [stack: 0x000000c80bc00000,0x000000c80bd00000] [id=23048]
  0x000001def556f800 GCTaskThread "GC Thread#4" [stack: 0x000000c80bd00000,0x000000c80be00000] [id=17232]
  0x000001def5554000 GCTaskThread "GC Thread#5" [stack: 0x000000c80be00000,0x000000c80bf00000] [id=1064]
  0x000001def6691800 GCTaskThread "GC Thread#6" [stack: 0x000000c80b900000,0x000000c80ba00000] [id=7276]
  0x000001def6407000 GCTaskThread "GC Thread#7" [stack: 0x000000c80cc00000,0x000000c80cd00000] [id=26264]
  0x000001ded9ae4800 ConcurrentGCThread "G1 Main Marker" [stack: 0x000000c80a900000,0x000000c80aa00000] [id=18388]
  0x000001ded9ae6800 ConcurrentGCThread "G1 Conc#0" [stack: 0x000000c80aa00000,0x000000c80ab00000] [id=21268]
  0x000001def4d11000 ConcurrentGCThread "G1 Conc#1" [stack: 0x000000c80cd00000,0x000000c80ce00000] [id=23040]
  0x000001def3dc6800 ConcurrentGCThread "G1 Refine#0" [stack: 0x000000c80ab00000,0x000000c80ac00000] [id=20316]
  0x000001def7ec7800 ConcurrentGCThread "G1 Refine#1" [stack: 0x000000c813000000,0x000000c813100000] [id=12020]
  0x000001def3dc7800 ConcurrentGCThread "G1 Young RemSet Sampling" [stack: 0x000000c80ac00000,0x000000c80ad00000] [id=2036]

Threads with active compile tasks:
C2 CompilerThread0  19276 10586       4       org.apache.xerces.dom.AttributeMap::setNamedItem (314 bytes)
C2 CompilerThread1  19276 10468       4       com.google.common.collect.TransformedIterator::next (14 bytes)

VM state:not at safepoint (normal execution)

VM Mutex/Monitor currently owned by a thread: None

Heap address: 0x0000000080000000, size: 2048 MB, Compressed Oops mode: 32-bit
Narrow klass base: 0x0000000000000000, Narrow klass shift: 3
Compressed class space size: 1073741824 Address: 0x0000000100000000

Heap:
 garbage-first heap   total 260096K, used 152985K [0x0000000080000000, 0x0000000100000000)
  region size 1024K, 76 young (77824K), 9 survivors (9216K)
 Metaspace       used 89715K, capacity 91919K, committed 92108K, reserved 1128448K
  class space    used 11497K, capacity 12379K, committed 12492K, reserved 1048576K
Heap Regions: E=young(eden), S=young(survivor), O=old, HS=humongous(starts), HC=humongous(continues), CS=collection set, F=free, A=archive, TAMS=top-at-mark-start (previous, next)
|   0|0x0000000080000000, 0x0000000080100000, 0x0000000080100000|100%| O|  |TAMS 0x0000000080100000, 0x0000000080000000| Untracked 
|   1|0x0000000080100000, 0x0000000080200000, 0x0000000080200000|100%| O|  |TAMS 0x0000000080200000, 0x0000000080100000| Untracked 
|   2|0x0000000080200000, 0x0000000080300000, 0x0000000080300000|100%| O|  |TAMS 0x0000000080300000, 0x0000000080200000| Untracked 
|   3|0x0000000080300000, 0x0000000080400000, 0x0000000080400000|100%|HS|  |TAMS 0x0000000080400000, 0x0000000080300000| Complete 
|   4|0x0000000080400000, 0x0000000080500000, 0x0000000080500000|100%|HC|  |TAMS 0x0000000080500000, 0x0000000080400000| Complete 
|   5|0x0000000080500000, 0x0000000080600000, 0x0000000080600000|100%|HC|  |TAMS 0x0000000080600000, 0x0000000080500000| Complete 
|   6|0x0000000080600000, 0x0000000080700000, 0x0000000080700000|100%| O|  |TAMS 0x0000000080700000, 0x0000000080600000| Untracked 
|   7|0x0000000080700000, 0x0000000080800000, 0x0000000080800000|100%| O|  |TAMS 0x0000000080800000, 0x0000000080700000| Untracked 
|   8|0x0000000080800000, 0x0000000080900000, 0x0000000080900000|100%| O|  |TAMS 0x0000000080900000, 0x0000000080800000| Untracked 
|   9|0x0000000080900000, 0x0000000080a00000, 0x0000000080a00000|100%| O|  |TAMS 0x0000000080a00000, 0x0000000080900000| Untracked 
|  10|0x0000000080a00000, 0x0000000080b00000, 0x0000000080b00000|100%| O|  |TAMS 0x0000000080b00000, 0x0000000080a00000| Untracked 
|  11|0x0000000080b00000, 0x0000000080c00000, 0x0000000080c00000|100%| O|  |TAMS 0x0000000080c00000, 0x0000000080b00000| Untracked 
|  12|0x0000000080c00000, 0x0000000080d00000, 0x0000000080d00000|100%| O|  |TAMS 0x0000000080d00000, 0x0000000080c00000| Untracked 
|  13|0x0000000080d00000, 0x0000000080e00000, 0x0000000080e00000|100%| O|  |TAMS 0x0000000080e00000, 0x0000000080d00000| Untracked 
|  14|0x0000000080e00000, 0x0000000080f00000, 0x0000000080f00000|100%| O|  |TAMS 0x0000000080f00000, 0x0000000080e00000| Untracked 
|  15|0x0000000080f00000, 0x0000000081000000, 0x0000000081000000|100%| O|  |TAMS 0x0000000081000000, 0x0000000080f00000| Untracked 
|  16|0x0000000081000000, 0x0000000081100000, 0x0000000081100000|100%| O|  |TAMS 0x0000000081100000, 0x0000000081000000| Untracked 
|  17|0x0000000081100000, 0x0000000081200000, 0x0000000081200000|100%|HS|  |TAMS 0x0000000081200000, 0x0000000081100000| Complete 
|  18|0x0000000081200000, 0x0000000081300000, 0x0000000081300000|100%|HS|  |TAMS 0x0000000081300000, 0x0000000081200000| Complete 
|  19|0x0000000081300000, 0x0000000081400000, 0x0000000081400000|100%|HS|  |TAMS 0x0000000081400000, 0x0000000081300000| Complete 
|  20|0x0000000081400000, 0x0000000081500000, 0x0000000081500000|100%|HS|  |TAMS 0x0000000081500000, 0x0000000081400000| Complete 
|  21|0x0000000081500000, 0x0000000081600000, 0x0000000081600000|100%|HS|  |TAMS 0x0000000081600000, 0x0000000081500000| Complete 
|  22|0x0000000081600000, 0x0000000081700000, 0x0000000081700000|100%|HC|  |TAMS 0x0000000081700000, 0x0000000081600000| Complete 
|  23|0x0000000081700000, 0x0000000081800000, 0x0000000081800000|100%|HC|  |TAMS 0x0000000081800000, 0x0000000081700000| Complete 
|  24|0x0000000081800000, 0x0000000081900000, 0x0000000081900000|100%|HS|  |TAMS 0x0000000081900000, 0x0000000081800000| Complete 
|  25|0x0000000081900000, 0x0000000081a00000, 0x0000000081a00000|100%|HC|  |TAMS 0x0000000081a00000, 0x0000000081900000| Complete 
|  26|0x0000000081a00000, 0x0000000081b00000, 0x0000000081b00000|100%| O|  |TAMS 0x0000000081b00000, 0x0000000081a00000| Untracked 
|  27|0x0000000081b00000, 0x0000000081c00000, 0x0000000081c00000|100%| O|  |TAMS 0x0000000081c00000, 0x0000000081b00000| Untracked 
|  28|0x0000000081c00000, 0x0000000081d00000, 0x0000000081d00000|100%| O|  |TAMS 0x0000000081d00000, 0x0000000081c00000| Untracked 
|  29|0x0000000081d00000, 0x0000000081e00000, 0x0000000081e00000|100%| O|  |TAMS 0x0000000081e00000, 0x0000000081d00000| Untracked 
|  30|0x0000000081e00000, 0x0000000081f00000, 0x0000000081f00000|100%| O|  |TAMS 0x0000000081f00000, 0x0000000081e00000| Untracked 
|  31|0x0000000081f00000, 0x0000000082000000, 0x0000000082000000|100%| O|  |TAMS 0x0000000082000000, 0x0000000081f00000| Untracked 
|  32|0x0000000082000000, 0x0000000082100000, 0x0000000082100000|100%| O|  |TAMS 0x0000000082100000, 0x0000000082000000| Untracked 
|  33|0x0000000082100000, 0x0000000082200000, 0x0000000082200000|100%| O|  |TAMS 0x0000000082200000, 0x0000000082100000| Untracked 
|  34|0x0000000082200000, 0x0000000082300000, 0x0000000082300000|100%| O|  |TAMS 0x0000000082300000, 0x0000000082200000| Untracked 
|  35|0x0000000082300000, 0x0000000082400000, 0x0000000082400000|100%| O|  |TAMS 0x0000000082400000, 0x0000000082300000| Untracked 
|  36|0x0000000082400000, 0x0000000082500000, 0x0000000082500000|100%| O|  |TAMS 0x0000000082500000, 0x0000000082400000| Untracked 
|  37|0x0000000082500000, 0x0000000082600000, 0x0000000082600000|100%| O|  |TAMS 0x0000000082600000, 0x0000000082500000| Untracked 
|  38|0x0000000082600000, 0x0000000082700000, 0x0000000082700000|100%| O|  |TAMS 0x0000000082700000, 0x0000000082600000| Untracked 
|  39|0x0000000082700000, 0x0000000082800000, 0x0000000082800000|100%| O|  |TAMS 0x0000000082800000, 0x0000000082700000| Untracked 
|  40|0x0000000082800000, 0x0000000082900000, 0x0000000082900000|100%| O|  |TAMS 0x0000000082900000, 0x0000000082800000| Untracked 
|  41|0x0000000082900000, 0x0000000082a00000, 0x0000000082a00000|100%| O|  |TAMS 0x0000000082a00000, 0x0000000082900000| Untracked 
|  42|0x0000000082a00000, 0x0000000082b00000, 0x0000000082b00000|100%| O|  |TAMS 0x0000000082b00000, 0x0000000082a00000| Untracked 
|  43|0x0000000082b00000, 0x0000000082c00000, 0x0000000082c00000|100%| O|  |TAMS 0x0000000082c00000, 0x0000000082b00000| Untracked 
|  44|0x0000000082c00000, 0x0000000082d00000, 0x0000000082d00000|100%| O|  |TAMS 0x0000000082d00000, 0x0000000082c00000| Untracked 
|  45|0x0000000082d00000, 0x0000000082e00000, 0x0000000082e00000|100%| O|  |TAMS 0x0000000082e00000, 0x0000000082d00000| Untracked 
|  46|0x0000000082e00000, 0x0000000082f00000, 0x0000000082f00000|100%| O|  |TAMS 0x0000000082f00000, 0x0000000082e00000| Untracked 
|  47|0x0000000082f00000, 0x0000000083000000, 0x0000000083000000|100%| O|  |TAMS 0x0000000083000000, 0x0000000082f00000| Untracked 
|  48|0x0000000083000000, 0x0000000083100000, 0x0000000083100000|100%| O|  |TAMS 0x0000000083100000, 0x0000000083000000| Untracked 
|  49|0x0000000083100000, 0x0000000083200000, 0x0000000083200000|100%| O|  |TAMS 0x0000000083200000, 0x0000000083100000| Untracked 
|  50|0x0000000083200000, 0x0000000083300000, 0x0000000083300000|100%| O|  |TAMS 0x0000000083200000, 0x0000000083200000| Untracked 
|  51|0x0000000083300000, 0x0000000083400000, 0x0000000083400000|100%| O|  |TAMS 0x0000000083300000, 0x0000000083300000| Untracked 
|  52|0x0000000083400000, 0x0000000083500000, 0x0000000083500000|100%| O|  |TAMS 0x0000000083400000, 0x0000000083400000| Untracked 
|  53|0x0000000083500000, 0x0000000083600000, 0x0000000083600000|100%| O|  |TAMS 0x0000000083500000, 0x0000000083500000| Untracked 
|  54|0x0000000083600000, 0x0000000083700000, 0x0000000083700000|100%| O|  |TAMS 0x0000000083600000, 0x0000000083600000| Untracked 
|  55|0x0000000083700000, 0x0000000083800000, 0x0000000083800000|100%| O|  |TAMS 0x0000000083700000, 0x0000000083700000| Untracked 
|  56|0x0000000083800000, 0x0000000083900000, 0x0000000083900000|100%| O|  |TAMS 0x0000000083800000, 0x0000000083800000| Untracked 
|  57|0x0000000083900000, 0x0000000083a00000, 0x0000000083a00000|100%| O|  |TAMS 0x0000000083900000, 0x0000000083900000| Untracked 
|  58|0x0000000083a00000, 0x0000000083b00000, 0x0000000083b00000|100%| O|  |TAMS 0x0000000083a00000, 0x0000000083a00000| Untracked 
|  59|0x0000000083b00000, 0x0000000083c00000, 0x0000000083c00000|100%| O|  |TAMS 0x0000000083b00000, 0x0000000083b00000| Untracked 
|  60|0x0000000083c00000, 0x0000000083d00000, 0x0000000083d00000|100%| O|  |TAMS 0x0000000083c00000, 0x0000000083c00000| Untracked 
|  61|0x0000000083d00000, 0x0000000083e00000, 0x0000000083e00000|100%| O|  |TAMS 0x0000000083d00000, 0x0000000083d00000| Untracked 
|  62|0x0000000083e00000, 0x0000000083f00000, 0x0000000083f00000|100%| O|  |TAMS 0x0000000083e00000, 0x0000000083e00000| Untracked 
|  63|0x0000000083f00000, 0x0000000084000000, 0x0000000084000000|100%| O|  |TAMS 0x0000000083f00000, 0x0000000083f00000| Untracked 
|  64|0x0000000084000000, 0x0000000084100000, 0x0000000084100000|100%| O|  |TAMS 0x0000000084000000, 0x0000000084000000| Untracked 
|  65|0x0000000084100000, 0x0000000084200000, 0x0000000084200000|100%| O|  |TAMS 0x0000000084100000, 0x0000000084100000| Untracked 
|  66|0x0000000084200000, 0x0000000084300000, 0x0000000084300000|100%| O|  |TAMS 0x0000000084200000, 0x0000000084200000| Untracked 
|  67|0x0000000084300000, 0x0000000084400000, 0x0000000084400000|100%| O|  |TAMS 0x0000000084300000, 0x0000000084300000| Untracked 
|  68|0x0000000084400000, 0x0000000084500000, 0x0000000084500000|100%| O|  |TAMS 0x0000000084400000, 0x0000000084400000| Untracked 
|  69|0x0000000084500000, 0x0000000084600000, 0x0000000084600000|100%| O|  |TAMS 0x0000000084500000, 0x0000000084500000| Untracked 
|  70|0x0000000084600000, 0x0000000084700000, 0x0000000084700000|100%| O|  |TAMS 0x0000000084600000, 0x0000000084600000| Untracked 
|  71|0x0000000084700000, 0x0000000084800000, 0x0000000084800000|100%| O|  |TAMS 0x0000000084700000, 0x0000000084700000| Untracked 
|  72|0x0000000084800000, 0x0000000084900000, 0x0000000084900000|100%| O|  |TAMS 0x0000000084800000, 0x0000000084800000| Untracked 
|  73|0x0000000084900000, 0x0000000084966400, 0x0000000084a00000| 39%| O|  |TAMS 0x0000000084900000, 0x0000000084900000| Untracked 
|  74|0x0000000084a00000, 0x0000000084b00000, 0x0000000084b00000|100%|HS|  |TAMS 0x0000000084a00000, 0x0000000084a00000| Complete 
|  75|0x0000000084b00000, 0x0000000084c00000, 0x0000000084c00000|100%|HC|  |TAMS 0x0000000084b00000, 0x0000000084b00000| Complete 
|  76|0x0000000084c00000, 0x0000000084c00000, 0x0000000084d00000|  0%| F|  |TAMS 0x0000000084c00000, 0x0000000084c00000| Untracked 
|  77|0x0000000084d00000, 0x0000000084d00000, 0x0000000084e00000|  0%| F|  |TAMS 0x0000000084d00000, 0x0000000084d00000| Untracked 
|  78|0x0000000084e00000, 0x0000000084e00000, 0x0000000084f00000|  0%| F|  |TAMS 0x0000000084e00000, 0x0000000084e00000| Untracked 
|  79|0x0000000084f00000, 0x0000000084f00000, 0x0000000085000000|  0%| F|  |TAMS 0x0000000084f00000, 0x0000000084f00000| Untracked 
|  80|0x0000000085000000, 0x0000000085000000, 0x0000000085100000|  0%| F|  |TAMS 0x0000000085000000, 0x0000000085000000| Untracked 
|  81|0x0000000085100000, 0x0000000085100000, 0x0000000085200000|  0%| F|  |TAMS 0x0000000085100000, 0x0000000085100000| Untracked 
|  82|0x0000000085200000, 0x0000000085200000, 0x0000000085300000|  0%| F|  |TAMS 0x0000000085200000, 0x0000000085200000| Untracked 
|  83|0x0000000085300000, 0x0000000085300000, 0x0000000085400000|  0%| F|  |TAMS 0x0000000085300000, 0x0000000085300000| Untracked 
|  84|0x0000000085400000, 0x0000000085400000, 0x0000000085500000|  0%| F|  |TAMS 0x0000000085400000, 0x0000000085400000| Untracked 
|  85|0x0000000085500000, 0x0000000085500000, 0x0000000085600000|  0%| F|  |TAMS 0x0000000085500000, 0x0000000085500000| Untracked 
|  86|0x0000000085600000, 0x0000000085600000, 0x0000000085700000|  0%| F|  |TAMS 0x0000000085600000, 0x0000000085600000| Untracked 
|  87|0x0000000085700000, 0x0000000085700000, 0x0000000085800000|  0%| F|  |TAMS 0x0000000085700000, 0x0000000085700000| Untracked 
|  88|0x0000000085800000, 0x0000000085800000, 0x0000000085900000|  0%| F|  |TAMS 0x0000000085800000, 0x0000000085800000| Untracked 
|  89|0x0000000085900000, 0x0000000085900000, 0x0000000085a00000|  0%| F|  |TAMS 0x0000000085900000, 0x0000000085900000| Untracked 
|  90|0x0000000085a00000, 0x0000000085a00000, 0x0000000085b00000|  0%| F|  |TAMS 0x0000000085a00000, 0x0000000085a00000| Untracked 
|  91|0x0000000085b00000, 0x0000000085b00000, 0x0000000085c00000|  0%| F|  |TAMS 0x0000000085b00000, 0x0000000085b00000| Untracked 
|  92|0x0000000085c00000, 0x0000000085c00000, 0x0000000085d00000|  0%| F|  |TAMS 0x0000000085c00000, 0x0000000085c00000| Untracked 
|  93|0x0000000085d00000, 0x0000000085d00000, 0x0000000085e00000|  0%| F|  |TAMS 0x0000000085d00000, 0x0000000085d00000| Untracked 
|  94|0x0000000085e00000, 0x0000000085e00000, 0x0000000085f00000|  0%| F|  |TAMS 0x0000000085e00000, 0x0000000085e00000| Untracked 
|  95|0x0000000085f00000, 0x0000000085f00000, 0x0000000086000000|  0%| F|  |TAMS 0x0000000085f00000, 0x0000000085f00000| Untracked 
|  96|0x0000000086000000, 0x0000000086000000, 0x0000000086100000|  0%| F|  |TAMS 0x0000000086000000, 0x0000000086000000| Untracked 
|  97|0x0000000086100000, 0x0000000086100000, 0x0000000086200000|  0%| F|  |TAMS 0x0000000086100000, 0x0000000086100000| Untracked 
|  98|0x0000000086200000, 0x0000000086200000, 0x0000000086300000|  0%| F|  |TAMS 0x0000000086200000, 0x0000000086200000| Untracked 
|  99|0x0000000086300000, 0x0000000086300000, 0x0000000086400000|  0%| F|  |TAMS 0x0000000086300000, 0x0000000086300000| Untracked 
| 100|0x0000000086400000, 0x0000000086400000, 0x0000000086500000|  0%| F|  |TAMS 0x0000000086400000, 0x0000000086400000| Untracked 
| 101|0x0000000086500000, 0x0000000086500000, 0x0000000086600000|  0%| F|  |TAMS 0x0000000086500000, 0x0000000086500000| Untracked 
| 102|0x0000000086600000, 0x0000000086600000, 0x0000000086700000|  0%| F|  |TAMS 0x0000000086600000, 0x0000000086600000| Untracked 
| 103|0x0000000086700000, 0x0000000086700000, 0x0000000086800000|  0%| F|  |TAMS 0x0000000086700000, 0x0000000086700000| Untracked 
| 104|0x0000000086800000, 0x0000000086800000, 0x0000000086900000|  0%| F|  |TAMS 0x0000000086800000, 0x0000000086800000| Untracked 
| 105|0x0000000086900000, 0x0000000086900000, 0x0000000086a00000|  0%| F|  |TAMS 0x0000000086900000, 0x0000000086900000| Untracked 
| 106|0x0000000086a00000, 0x0000000086a00000, 0x0000000086b00000|  0%| F|  |TAMS 0x0000000086a00000, 0x0000000086a00000| Untracked 
| 107|0x0000000086b00000, 0x0000000086b00000, 0x0000000086c00000|  0%| F|  |TAMS 0x0000000086b00000, 0x0000000086b00000| Untracked 
| 108|0x0000000086c00000, 0x0000000086c00000, 0x0000000086d00000|  0%| F|  |TAMS 0x0000000086c00000, 0x0000000086c00000| Untracked 
| 109|0x0000000086d00000, 0x0000000086d00000, 0x0000000086e00000|  0%| F|  |TAMS 0x0000000086d00000, 0x0000000086d00000| Untracked 
| 110|0x0000000086e00000, 0x0000000086e00000, 0x0000000086f00000|  0%| F|  |TAMS 0x0000000086e00000, 0x0000000086e00000| Untracked 
| 111|0x0000000086f00000, 0x0000000086f00000, 0x0000000087000000|  0%| F|  |TAMS 0x0000000086f00000, 0x0000000086f00000| Untracked 
| 112|0x0000000087000000, 0x0000000087000000, 0x0000000087100000|  0%| F|  |TAMS 0x0000000087000000, 0x0000000087000000| Untracked 
| 113|0x0000000087100000, 0x0000000087100000, 0x0000000087200000|  0%| F|  |TAMS 0x0000000087100000, 0x0000000087100000| Untracked 
| 114|0x0000000087200000, 0x0000000087200000, 0x0000000087300000|  0%| F|  |TAMS 0x0000000087200000, 0x0000000087200000| Untracked 
| 115|0x0000000087300000, 0x0000000087300000, 0x0000000087400000|  0%| F|  |TAMS 0x0000000087300000, 0x0000000087300000| Untracked 
| 116|0x0000000087400000, 0x0000000087400000, 0x0000000087500000|  0%| F|  |TAMS 0x0000000087400000, 0x0000000087400000| Untracked 
| 117|0x0000000087500000, 0x0000000087500000, 0x0000000087600000|  0%| F|  |TAMS 0x0000000087500000, 0x0000000087500000| Untracked 
| 118|0x0000000087600000, 0x0000000087600000, 0x0000000087700000|  0%| F|  |TAMS 0x0000000087600000, 0x0000000087600000| Untracked 
| 119|0x0000000087700000, 0x0000000087700000, 0x0000000087800000|  0%| F|  |TAMS 0x0000000087700000, 0x0000000087700000| Untracked 
| 120|0x0000000087800000, 0x0000000087800000, 0x0000000087900000|  0%| F|  |TAMS 0x0000000087800000, 0x0000000087800000| Untracked 
| 121|0x0000000087900000, 0x0000000087900000, 0x0000000087a00000|  0%| F|  |TAMS 0x0000000087900000, 0x0000000087900000| Untracked 
| 122|0x0000000087a00000, 0x0000000087a00000, 0x0000000087b00000|  0%| F|  |TAMS 0x0000000087a00000, 0x0000000087a00000| Untracked 
| 123|0x0000000087b00000, 0x0000000087b00000, 0x0000000087c00000|  0%| F|  |TAMS 0x0000000087b00000, 0x0000000087b00000| Untracked 
| 124|0x0000000087c00000, 0x0000000087c00000, 0x0000000087d00000|  0%| F|  |TAMS 0x0000000087c00000, 0x0000000087c00000| Untracked 
| 125|0x0000000087d00000, 0x0000000087d00000, 0x0000000087e00000|  0%| F|  |TAMS 0x0000000087d00000, 0x0000000087d00000| Untracked 
| 126|0x0000000087e00000, 0x0000000087e00000, 0x0000000087f00000|  0%| F|  |TAMS 0x0000000087e00000, 0x0000000087e00000| Untracked 
| 127|0x0000000087f00000, 0x0000000087f00000, 0x0000000088000000|  0%| F|  |TAMS 0x0000000087f00000, 0x0000000087f00000| Untracked 
| 128|0x0000000088000000, 0x0000000088000000, 0x0000000088100000|  0%| F|  |TAMS 0x0000000088000000, 0x0000000088000000| Untracked 
| 129|0x0000000088100000, 0x0000000088100000, 0x0000000088200000|  0%| F|  |TAMS 0x0000000088100000, 0x0000000088100000| Untracked 
| 130|0x0000000088200000, 0x0000000088200000, 0x0000000088300000|  0%| F|  |TAMS 0x0000000088200000, 0x0000000088200000| Untracked 
| 131|0x0000000088300000, 0x0000000088300000, 0x0000000088400000|  0%| F|  |TAMS 0x0000000088300000, 0x0000000088300000| Untracked 
| 132|0x0000000088400000, 0x0000000088400000, 0x0000000088500000|  0%| F|  |TAMS 0x0000000088400000, 0x0000000088400000| Untracked 
| 133|0x0000000088500000, 0x0000000088500000, 0x0000000088600000|  0%| F|  |TAMS 0x0000000088500000, 0x0000000088500000| Untracked 
| 134|0x0000000088600000, 0x0000000088600000, 0x0000000088700000|  0%| F|  |TAMS 0x0000000088600000, 0x0000000088600000| Untracked 
| 135|0x0000000088700000, 0x0000000088700000, 0x0000000088800000|  0%| F|  |TAMS 0x0000000088700000, 0x0000000088700000| Untracked 
| 136|0x0000000088800000, 0x0000000088800000, 0x0000000088900000|  0%| F|  |TAMS 0x0000000088800000, 0x0000000088800000| Untracked 
| 137|0x0000000088900000, 0x0000000088900000, 0x0000000088a00000|  0%| F|  |TAMS 0x0000000088900000, 0x0000000088900000| Untracked 
| 138|0x0000000088a00000, 0x0000000088b00000, 0x0000000088b00000|100%| S|CS|TAMS 0x0000000088a00000, 0x0000000088a00000| Complete 
| 139|0x0000000088b00000, 0x0000000088c00000, 0x0000000088c00000|100%| S|CS|TAMS 0x0000000088b00000, 0x0000000088b00000| Complete 
| 140|0x0000000088c00000, 0x0000000088d00000, 0x0000000088d00000|100%| S|CS|TAMS 0x0000000088c00000, 0x0000000088c00000| Complete 
| 141|0x0000000088d00000, 0x0000000088e00000, 0x0000000088e00000|100%| S|CS|TAMS 0x0000000088d00000, 0x0000000088d00000| Complete 
| 142|0x0000000088e00000, 0x0000000088f00000, 0x0000000088f00000|100%| S|CS|TAMS 0x0000000088e00000, 0x0000000088e00000| Complete 
| 143|0x0000000088f00000, 0x0000000089000000, 0x0000000089000000|100%| S|CS|TAMS 0x0000000088f00000, 0x0000000088f00000| Complete 
| 144|0x0000000089000000, 0x0000000089100000, 0x0000000089100000|100%| S|CS|TAMS 0x0000000089000000, 0x0000000089000000| Complete 
| 145|0x0000000089100000, 0x0000000089200000, 0x0000000089200000|100%| S|CS|TAMS 0x0000000089100000, 0x0000000089100000| Complete 
| 146|0x0000000089200000, 0x0000000089200000, 0x0000000089300000|  0%| F|  |TAMS 0x0000000089200000, 0x0000000089200000| Untracked 
| 147|0x0000000089300000, 0x0000000089300000, 0x0000000089400000|  0%| F|  |TAMS 0x0000000089300000, 0x0000000089300000| Untracked 
| 148|0x0000000089400000, 0x0000000089400000, 0x0000000089500000|  0%| F|  |TAMS 0x0000000089400000, 0x0000000089400000| Untracked 
| 149|0x0000000089500000, 0x0000000089500000, 0x0000000089600000|  0%| F|  |TAMS 0x0000000089500000, 0x0000000089500000| Untracked 
| 150|0x0000000089600000, 0x0000000089600000, 0x0000000089700000|  0%| F|  |TAMS 0x0000000089600000, 0x0000000089600000| Untracked 
| 151|0x0000000089700000, 0x0000000089700000, 0x0000000089800000|  0%| F|  |TAMS 0x0000000089700000, 0x0000000089700000| Untracked 
| 152|0x0000000089800000, 0x0000000089900000, 0x0000000089900000|100%| S|CS|TAMS 0x0000000089800000, 0x0000000089800000| Complete 
| 153|0x0000000089900000, 0x0000000089900000, 0x0000000089a00000|  0%| F|  |TAMS 0x0000000089900000, 0x0000000089900000| Untracked 
| 154|0x0000000089a00000, 0x0000000089a00000, 0x0000000089b00000|  0%| F|  |TAMS 0x0000000089a00000, 0x0000000089a00000| Untracked 
| 155|0x0000000089b00000, 0x0000000089b00000, 0x0000000089c00000|  0%| F|  |TAMS 0x0000000089b00000, 0x0000000089b00000| Untracked 
| 156|0x0000000089c00000, 0x0000000089c00000, 0x0000000089d00000|  0%| F|  |TAMS 0x0000000089c00000, 0x0000000089c00000| Untracked 
| 157|0x0000000089d00000, 0x0000000089d00000, 0x0000000089e00000|  0%| F|  |TAMS 0x0000000089d00000, 0x0000000089d00000| Untracked 
| 158|0x0000000089e00000, 0x0000000089e00000, 0x0000000089f00000|  0%| F|  |TAMS 0x0000000089e00000, 0x0000000089e00000| Untracked 
| 159|0x0000000089f00000, 0x0000000089f00000, 0x000000008a000000|  0%| F|  |TAMS 0x0000000089f00000, 0x0000000089f00000| Untracked 
| 160|0x000000008a000000, 0x000000008a000000, 0x000000008a100000|  0%| F|  |TAMS 0x000000008a000000, 0x000000008a000000| Untracked 
| 161|0x000000008a100000, 0x000000008a100000, 0x000000008a200000|  0%| F|  |TAMS 0x000000008a100000, 0x000000008a100000| Untracked 
| 162|0x000000008a200000, 0x000000008a200000, 0x000000008a300000|  0%| F|  |TAMS 0x000000008a200000, 0x000000008a200000| Untracked 
| 163|0x000000008a300000, 0x000000008a300000, 0x000000008a400000|  0%| F|  |TAMS 0x000000008a300000, 0x000000008a300000| Untracked 
| 164|0x000000008a400000, 0x000000008a400000, 0x000000008a500000|  0%| F|  |TAMS 0x000000008a400000, 0x000000008a400000| Untracked 
| 165|0x000000008a500000, 0x000000008a500000, 0x000000008a600000|  0%| F|  |TAMS 0x000000008a500000, 0x000000008a500000| Untracked 
| 166|0x000000008a600000, 0x000000008a600000, 0x000000008a700000|  0%| F|  |TAMS 0x000000008a600000, 0x000000008a600000| Untracked 
| 167|0x000000008a700000, 0x000000008a700000, 0x000000008a800000|  0%| F|  |TAMS 0x000000008a700000, 0x000000008a700000| Untracked 
| 168|0x000000008a800000, 0x000000008a800000, 0x000000008a900000|  0%| F|  |TAMS 0x000000008a800000, 0x000000008a800000| Untracked 
| 169|0x000000008a900000, 0x000000008a900000, 0x000000008aa00000|  0%| F|  |TAMS 0x000000008a900000, 0x000000008a900000| Untracked 
| 170|0x000000008aa00000, 0x000000008aa00000, 0x000000008ab00000|  0%| F|  |TAMS 0x000000008aa00000, 0x000000008aa00000| Untracked 
| 171|0x000000008ab00000, 0x000000008ab00000, 0x000000008ac00000|  0%| F|  |TAMS 0x000000008ab00000, 0x000000008ab00000| Untracked 
| 172|0x000000008ac00000, 0x000000008ac00000, 0x000000008ad00000|  0%| F|  |TAMS 0x000000008ac00000, 0x000000008ac00000| Untracked 
| 173|0x000000008ad00000, 0x000000008ad00000, 0x000000008ae00000|  0%| F|  |TAMS 0x000000008ad00000, 0x000000008ad00000| Untracked 
| 174|0x000000008ae00000, 0x000000008ae00000, 0x000000008af00000|  0%| F|  |TAMS 0x000000008ae00000, 0x000000008ae00000| Untracked 
| 175|0x000000008af00000, 0x000000008af00000, 0x000000008b000000|  0%| F|  |TAMS 0x000000008af00000, 0x000000008af00000| Untracked 
| 176|0x000000008b000000, 0x000000008b000000, 0x000000008b100000|  0%| F|  |TAMS 0x000000008b000000, 0x000000008b000000| Untracked 
| 177|0x000000008b100000, 0x000000008b100000, 0x000000008b200000|  0%| F|  |TAMS 0x000000008b100000, 0x000000008b100000| Untracked 
| 178|0x000000008b200000, 0x000000008b200000, 0x000000008b300000|  0%| F|  |TAMS 0x000000008b200000, 0x000000008b200000| Untracked 
| 179|0x000000008b300000, 0x000000008b300000, 0x000000008b400000|  0%| F|  |TAMS 0x000000008b300000, 0x000000008b300000| Untracked 
| 180|0x000000008b400000, 0x000000008b400000, 0x000000008b500000|  0%| F|  |TAMS 0x000000008b400000, 0x000000008b400000| Untracked 
| 181|0x000000008b500000, 0x000000008b500000, 0x000000008b600000|  0%| F|  |TAMS 0x000000008b500000, 0x000000008b500000| Untracked 
| 182|0x000000008b600000, 0x000000008b600000, 0x000000008b700000|  0%| F|  |TAMS 0x000000008b600000, 0x000000008b600000| Untracked 
| 183|0x000000008b700000, 0x000000008b700000, 0x000000008b800000|  0%| F|  |TAMS 0x000000008b700000, 0x000000008b700000| Untracked 
| 184|0x000000008b800000, 0x000000008b800000, 0x000000008b900000|  0%| F|  |TAMS 0x000000008b800000, 0x000000008b800000| Untracked 
| 185|0x000000008b900000, 0x000000008b900000, 0x000000008ba00000|  0%| F|  |TAMS 0x000000008b900000, 0x000000008b900000| Untracked 
| 186|0x000000008ba00000, 0x000000008ba62838, 0x000000008bb00000| 38%| E|  |TAMS 0x000000008ba00000, 0x000000008ba00000| Complete 
| 187|0x000000008bb00000, 0x000000008bc00000, 0x000000008bc00000|100%| E|CS|TAMS 0x000000008bb00000, 0x000000008bb00000| Complete 
| 188|0x000000008bc00000, 0x000000008bd00000, 0x000000008bd00000|100%| E|CS|TAMS 0x000000008bc00000, 0x000000008bc00000| Complete 
| 189|0x000000008bd00000, 0x000000008be00000, 0x000000008be00000|100%| E|CS|TAMS 0x000000008bd00000, 0x000000008bd00000| Complete 
| 190|0x000000008be00000, 0x000000008bf00000, 0x000000008bf00000|100%| E|CS|TAMS 0x000000008be00000, 0x000000008be00000| Complete 
| 191|0x000000008bf00000, 0x000000008c000000, 0x000000008c000000|100%| E|CS|TAMS 0x000000008bf00000, 0x000000008bf00000| Complete 
| 192|0x000000008c000000, 0x000000008c100000, 0x000000008c100000|100%| E|CS|TAMS 0x000000008c000000, 0x000000008c000000| Complete 
| 193|0x000000008c100000, 0x000000008c200000, 0x000000008c200000|100%| E|CS|TAMS 0x000000008c100000, 0x000000008c100000| Complete 
| 194|0x000000008c200000, 0x000000008c300000, 0x000000008c300000|100%| E|CS|TAMS 0x000000008c200000, 0x000000008c200000| Complete 
| 195|0x000000008c300000, 0x000000008c400000, 0x000000008c400000|100%| E|CS|TAMS 0x000000008c300000, 0x000000008c300000| Complete 
| 196|0x000000008c400000, 0x000000008c500000, 0x000000008c500000|100%| E|CS|TAMS 0x000000008c400000, 0x000000008c400000| Complete 
| 197|0x000000008c500000, 0x000000008c600000, 0x000000008c600000|100%| E|CS|TAMS 0x000000008c500000, 0x000000008c500000| Complete 
| 198|0x000000008c600000, 0x000000008c700000, 0x000000008c700000|100%| E|CS|TAMS 0x000000008c600000, 0x000000008c600000| Complete 
| 199|0x000000008c700000, 0x000000008c800000, 0x000000008c800000|100%| E|CS|TAMS 0x000000008c700000, 0x000000008c700000| Complete 
| 200|0x000000008c800000, 0x000000008c900000, 0x000000008c900000|100%| E|CS|TAMS 0x000000008c800000, 0x000000008c800000| Complete 
| 201|0x000000008c900000, 0x000000008ca00000, 0x000000008ca00000|100%| E|CS|TAMS 0x000000008c900000, 0x000000008c900000| Complete 
| 202|0x000000008ca00000, 0x000000008cb00000, 0x000000008cb00000|100%| E|CS|TAMS 0x000000008ca00000, 0x000000008ca00000| Complete 
| 203|0x000000008cb00000, 0x000000008cc00000, 0x000000008cc00000|100%| E|CS|TAMS 0x000000008cb00000, 0x000000008cb00000| Complete 
| 204|0x000000008cc00000, 0x000000008cd00000, 0x000000008cd00000|100%| E|CS|TAMS 0x000000008cc00000, 0x000000008cc00000| Complete 
| 205|0x000000008cd00000, 0x000000008ce00000, 0x000000008ce00000|100%| E|CS|TAMS 0x000000008cd00000, 0x000000008cd00000| Complete 
| 206|0x000000008ce00000, 0x000000008cf00000, 0x000000008cf00000|100%| E|CS|TAMS 0x000000008ce00000, 0x000000008ce00000| Complete 
| 207|0x000000008cf00000, 0x000000008d000000, 0x000000008d000000|100%| E|CS|TAMS 0x000000008cf00000, 0x000000008cf00000| Complete 
| 208|0x000000008d000000, 0x000000008d100000, 0x000000008d100000|100%| E|CS|TAMS 0x000000008d000000, 0x000000008d000000| Complete 
| 209|0x000000008d100000, 0x000000008d200000, 0x000000008d200000|100%| E|CS|TAMS 0x000000008d100000, 0x000000008d100000| Complete 
| 210|0x000000008d200000, 0x000000008d300000, 0x000000008d300000|100%| E|CS|TAMS 0x000000008d200000, 0x000000008d200000| Complete 
| 211|0x000000008d300000, 0x000000008d400000, 0x000000008d400000|100%| E|CS|TAMS 0x000000008d300000, 0x000000008d300000| Complete 
| 212|0x000000008d400000, 0x000000008d500000, 0x000000008d500000|100%| E|CS|TAMS 0x000000008d400000, 0x000000008d400000| Complete 
| 213|0x000000008d500000, 0x000000008d600000, 0x000000008d600000|100%| E|CS|TAMS 0x000000008d500000, 0x000000008d500000| Complete 
| 214|0x000000008d600000, 0x000000008d700000, 0x000000008d700000|100%| E|CS|TAMS 0x000000008d600000, 0x000000008d600000| Complete 
| 215|0x000000008d700000, 0x000000008d800000, 0x000000008d800000|100%| E|CS|TAMS 0x000000008d700000, 0x000000008d700000| Complete 
| 216|0x000000008d800000, 0x000000008d900000, 0x000000008d900000|100%| E|CS|TAMS 0x000000008d800000, 0x000000008d800000| Complete 
| 217|0x000000008d900000, 0x000000008da00000, 0x000000008da00000|100%| E|CS|TAMS 0x000000008d900000, 0x000000008d900000| Complete 
| 218|0x000000008da00000, 0x000000008db00000, 0x000000008db00000|100%| E|CS|TAMS 0x000000008da00000, 0x000000008da00000| Complete 
| 219|0x000000008db00000, 0x000000008dc00000, 0x000000008dc00000|100%| E|CS|TAMS 0x000000008db00000, 0x000000008db00000| Complete 
| 220|0x000000008dc00000, 0x000000008dd00000, 0x000000008dd00000|100%| E|CS|TAMS 0x000000008dc00000, 0x000000008dc00000| Complete 
| 221|0x000000008dd00000, 0x000000008de00000, 0x000000008de00000|100%| E|CS|TAMS 0x000000008dd00000, 0x000000008dd00000| Complete 
| 222|0x000000008de00000, 0x000000008df00000, 0x000000008df00000|100%| E|CS|TAMS 0x000000008de00000, 0x000000008de00000| Complete 
| 223|0x000000008df00000, 0x000000008e000000, 0x000000008e000000|100%| E|CS|TAMS 0x000000008df00000, 0x000000008df00000| Complete 
| 224|0x000000008e000000, 0x000000008e100000, 0x000000008e100000|100%| E|CS|TAMS 0x000000008e000000, 0x000000008e000000| Complete 
| 225|0x000000008e100000, 0x000000008e200000, 0x000000008e200000|100%| E|CS|TAMS 0x000000008e100000, 0x000000008e100000| Complete 
| 226|0x000000008e200000, 0x000000008e300000, 0x000000008e300000|100%| E|CS|TAMS 0x000000008e200000, 0x000000008e200000| Complete 
| 227|0x000000008e300000, 0x000000008e400000, 0x000000008e400000|100%| E|CS|TAMS 0x000000008e300000, 0x000000008e300000| Complete 
| 228|0x000000008e400000, 0x000000008e500000, 0x000000008e500000|100%| E|CS|TAMS 0x000000008e400000, 0x000000008e400000| Complete 
| 229|0x000000008e500000, 0x000000008e600000, 0x000000008e600000|100%| E|CS|TAMS 0x000000008e500000, 0x000000008e500000| Complete 
| 230|0x000000008e600000, 0x000000008e700000, 0x000000008e700000|100%| E|  |TAMS 0x000000008e600000, 0x000000008e600000| Complete 
| 231|0x000000008e700000, 0x000000008e800000, 0x000000008e800000|100%| E|CS|TAMS 0x000000008e700000, 0x000000008e700000| Complete 
| 232|0x000000008e800000, 0x000000008e900000, 0x000000008e900000|100%| E|CS|TAMS 0x000000008e800000, 0x000000008e800000| Complete 
| 233|0x000000008e900000, 0x000000008ea00000, 0x000000008ea00000|100%| E|CS|TAMS 0x000000008e900000, 0x000000008e900000| Complete 
| 234|0x000000008ea00000, 0x000000008eb00000, 0x000000008eb00000|100%| E|CS|TAMS 0x000000008ea00000, 0x000000008ea00000| Complete 
| 235|0x000000008eb00000, 0x000000008ec00000, 0x000000008ec00000|100%| E|CS|TAMS 0x000000008eb00000, 0x000000008eb00000| Complete 
| 236|0x000000008ec00000, 0x000000008ed00000, 0x000000008ed00000|100%| E|CS|TAMS 0x000000008ec00000, 0x000000008ec00000| Complete 
| 237|0x000000008ed00000, 0x000000008ee00000, 0x000000008ee00000|100%| E|CS|TAMS 0x000000008ed00000, 0x000000008ed00000| Complete 
| 238|0x000000008ee00000, 0x000000008ef00000, 0x000000008ef00000|100%| E|CS|TAMS 0x000000008ee00000, 0x000000008ee00000| Complete 
| 239|0x000000008ef00000, 0x000000008f000000, 0x000000008f000000|100%| E|CS|TAMS 0x000000008ef00000, 0x000000008ef00000| Complete 
| 240|0x000000008f000000, 0x000000008f100000, 0x000000008f100000|100%| E|CS|TAMS 0x000000008f000000, 0x000000008f000000| Complete 
| 241|0x000000008f100000, 0x000000008f200000, 0x000000008f200000|100%| E|CS|TAMS 0x000000008f100000, 0x000000008f100000| Complete 
| 242|0x000000008f200000, 0x000000008f300000, 0x000000008f300000|100%| E|CS|TAMS 0x000000008f200000, 0x000000008f200000| Complete 
| 243|0x000000008f300000, 0x000000008f400000, 0x000000008f400000|100%| E|CS|TAMS 0x000000008f300000, 0x000000008f300000| Complete 
| 244|0x000000008f400000, 0x000000008f500000, 0x000000008f500000|100%| E|CS|TAMS 0x000000008f400000, 0x000000008f400000| Complete 
| 245|0x000000008f500000, 0x000000008f600000, 0x000000008f600000|100%| E|CS|TAMS 0x000000008f500000, 0x000000008f500000| Complete 
| 246|0x000000008f600000, 0x000000008f700000, 0x000000008f700000|100%| E|CS|TAMS 0x000000008f600000, 0x000000008f600000| Complete 
| 247|0x000000008f700000, 0x000000008f800000, 0x000000008f800000|100%| E|CS|TAMS 0x000000008f700000, 0x000000008f700000| Complete 
| 248|0x000000008f800000, 0x000000008f900000, 0x000000008f900000|100%| E|CS|TAMS 0x000000008f800000, 0x000000008f800000| Complete 
| 249|0x000000008f900000, 0x000000008fa00000, 0x000000008fa00000|100%| E|CS|TAMS 0x000000008f900000, 0x000000008f900000| Complete 
| 250|0x000000008fa00000, 0x000000008fb00000, 0x000000008fb00000|100%| E|CS|TAMS 0x000000008fa00000, 0x000000008fa00000| Complete 
| 251|0x000000008fb00000, 0x000000008fc00000, 0x000000008fc00000|100%| E|CS|TAMS 0x000000008fb00000, 0x000000008fb00000| Complete 
| 252|0x000000008fc00000, 0x000000008fd00000, 0x000000008fd00000|100%| E|CS|TAMS 0x000000008fc00000, 0x000000008fc00000| Complete 
| 253|0x000000008fd00000, 0x000000008fe00000, 0x000000008fe00000|100%| E|CS|TAMS 0x000000008fd00000, 0x000000008fd00000| Complete 

Card table byte_map: [0x000001deeccd0000,0x000001deed0d0000] _byte_map_base: 0x000001deec8d0000

Marking Bits (Prev, Next): (CMBitMap*) 0x000001ded9adbb68, (CMBitMap*) 0x000001ded9adbba0
 Prev Bits: [0x000001deed4d0000, 0x000001deef4d0000)
 Next Bits: [0x000001deef4d0000, 0x000001def14d0000)

Polling page: 0x000001ded78d0000

Metaspace:

Usage:
  Non-class:     77.68 MB capacity,    76.38 MB ( 98%) used,     1.04 MB (  1%) free+waste,   253.94 KB ( <1%) overhead. 
      Class:     12.09 MB capacity,    11.23 MB ( 93%) used,   766.69 KB (  6%) free+waste,   115.00 KB ( <1%) overhead. 
       Both:     89.76 MB capacity,    87.61 MB ( 98%) used,     1.79 MB (  2%) free+waste,   368.94 KB ( <1%) overhead. 

Virtual space:
  Non-class space:       78.00 MB reserved,      77.75 MB (>99%) committed 
      Class space:        1.00 GB reserved,      12.20 MB (  1%) committed 
             Both:        1.08 GB reserved,      89.95 MB (  8%) committed 

Chunk freelists:
   Non-Class:  12.00 KB
       Class:  5.00 KB
        Both:  17.00 KB

MaxMetaspaceSize: 17179869184.00 GB
CompressedClassSpaceSize: 1.00 GB

CodeHeap 'non-profiled nmethods': size=120000Kb used=5709Kb max_used=5709Kb free=114290Kb
 bounds [0x000001dee5070000, 0x000001dee5610000, 0x000001deec5a0000]
CodeHeap 'profiled nmethods': size=120000Kb used=22479Kb max_used=22479Kb free=97520Kb
 bounds [0x000001deddb40000, 0x000001dedf140000, 0x000001dee5070000]
CodeHeap 'non-nmethods': size=5760Kb used=2293Kb max_used=2346Kb free=3466Kb
 bounds [0x000001dedd5a0000, 0x000001dedd810000, 0x000001deddb40000]
 total_blobs=11408 nmethods=10527 adapters=792
 compilation: enabled
              stopped_count=0, restarted_count=0
 full_count=0

Compilation events (20 events):
Event: 19.231 Thread 0x000001def47ee000 nmethod 10583 0x000001dedf114710 code [0x000001dedf114960, 0x000001dedf114f58]
Event: 19.231 Thread 0x000001def47ee000 10588       2       com.google.common.collect.AbstractMapBasedMultimap$WrappedCollection$WrappedIterator::hasNext (14 bytes)
Event: 19.231 Thread 0x000001def47ee000 nmethod 10588 0x000001dedf115310 code [0x000001dedf1154e0, 0x000001dedf115708]
Event: 19.231 Thread 0x000001def47ee000 10582       2       org.apache.xerces.dom.CoreDocumentImpl::createTextNode (10 bytes)
Event: 19.231 Thread 0x000001def47ee000 nmethod 10582 0x000001dedf115890 code [0x000001dedf115a40, 0x000001dedf115c58]
Event: 19.231 Thread 0x000001def47ee000 10584       2       org.apache.xerces.dom.NodeImpl::isReadOnly (15 bytes)
Event: 19.231 Thread 0x000001def47ee000 nmethod 10584 0x000001dedf115d10 code [0x000001dedf115ec0, 0x000001dedf115fd8]
Event: 19.231 Thread 0x000001def47ee000 10585       2       org.apache.xerces.dom.CoreDocumentImpl::changed (11 bytes)
Event: 19.231 Thread 0x000001def47ee000 nmethod 10585 0x000001dedf116090 code [0x000001dedf116240, 0x000001dedf116338]
Event: 19.231 Thread 0x000001def47ee000 10581       2       org.apache.xerces.dom.NamedNodeMapImpl::getLength (21 bytes)
Event: 19.231 Thread 0x000001def47ee000 nmethod 10581 0x000001dedf116410 code [0x000001dedf1165c0, 0x000001dedf116708]
Event: 19.231 Thread 0x000001def47ee000 10589       1       com.android.ide.common.resources.ResourceMergerItem::getValue (5 bytes)
Event: 19.231 Thread 0x000001def47ee000 nmethod 10589 0x000001dee55fab90 code [0x000001dee55fad40, 0x000001dee55fadf8]
Event: 19.231 Thread 0x000001def47ee000 10591       2       org.apache.xerces.dom.NodeImpl::changed (8 bytes)
Event: 19.232 Thread 0x000001def47ee000 nmethod 10591 0x000001dedf116790 code [0x000001dedf116940, 0x000001dedf116a68]
Event: 19.232 Thread 0x000001def47ee000 10592       2       org.apache.xerces.dom.ElementNSImpl::getNamespaceURI (16 bytes)
Event: 19.232 Thread 0x000001def47ee000 nmethod 10592 0x000001dedf116b90 code [0x000001dedf116d40, 0x000001dedf116e88]
Event: 19.232 Thread 0x000001def47ee000 10595       2       org.apache.xerces.dom.ParentNode::internalInsertBefore (651 bytes)
Event: 19.234 Thread 0x000001def47ee000 nmethod 10595 0x000001dedf116f10 code [0x000001dedf117320, 0x000001dedf1187f8]
Event: 19.234 Thread 0x000001def47ee000 10600       2       org.apache.xerces.dom.AttrImpl::setOwnerDocument (49 bytes)

GC Heap History (20 events):
Event: 2.138 GC heap before
{Heap before GC invocations=1 (full 0):
 garbage-first heap   total 260096K, used 108792K [0x0000000080000000, 0x0000000100000000)
  region size 1024K, 101 young (103424K), 3 survivors (3072K)
 Metaspace       used 20670K, capacity 21103K, committed 21248K, reserved 1067008K
  class space    used 2543K, capacity 2697K, committed 2816K, reserved 1048576K
}
Event: 2.149 GC heap after
{Heap after GC invocations=2 (full 0):
 garbage-first heap   total 260096K, used 16823K [0x0000000080000000, 0x0000000100000000)
  region size 1024K, 11 young (11264K), 11 survivors (11264K)
 Metaspace       used 20670K, capacity 21103K, committed 21248K, reserved 1067008K
  class space    used 2543K, capacity 2697K, committed 2816K, reserved 1048576K
}
Event: 2.504 GC heap before
{Heap before GC invocations=3 (full 0):
 garbage-first heap   total 260096K, used 47543K [0x0000000080000000, 0x0000000100000000)
  region size 1024K, 41 young (41984K), 11 survivors (11264K)
 Metaspace       used 23820K, capacity 24352K, committed 24576K, reserved 1071104K
  class space    used 3041K, capacity 3231K, committed 3328K, reserved 1048576K
}
Event: 2.511 GC heap after
{Heap after GC invocations=4 (full 0):
 garbage-first heap   total 260096K, used 18759K [0x0000000080000000, 0x0000000100000000)
  region size 1024K, 2 young (2048K), 2 survivors (2048K)
 Metaspace       used 23820K, capacity 24352K, committed 24576K, reserved 1071104K
  class space    used 3041K, capacity 3231K, committed 3328K, reserved 1048576K
}
Event: 4.411 GC heap before
{Heap before GC invocations=4 (full 0):
 garbage-first heap   total 260096K, used 100679K [0x0000000080000000, 0x0000000100000000)
  region size 1024K, 83 young (84992K), 2 survivors (2048K)
 Metaspace       used 35061K, capacity 35802K, committed 35840K, reserved 1081344K
  class space    used 4557K, capacity 4863K, committed 4864K, reserved 1048576K
}
Event: 4.421 GC heap after
{Heap after GC invocations=5 (full 0):
 garbage-first heap   total 260096K, used 22648K [0x0000000080000000, 0x0000000100000000)
  region size 1024K, 6 young (6144K), 6 survivors (6144K)
 Metaspace       used 35061K, capacity 35802K, committed 35840K, reserved 1081344K
  class space    used 4557K, capacity 4863K, committed 4864K, reserved 1048576K
}
Event: 7.107 GC heap before
{Heap before GC invocations=6 (full 0):
 garbage-first heap   total 260096K, used 144504K [0x0000000080000000, 0x0000000100000000)
  region size 1024K, 122 young (124928K), 6 survivors (6144K)
 Metaspace       used 44662K, capacity 45800K, committed 45900K, reserved 1089536K
  class space    used 5736K, capacity 6156K, committed 6220K, reserved 1048576K
}
Event: 7.119 GC heap after
{Heap after GC invocations=7 (full 0):
 garbage-first heap   total 260096K, used 29851K [0x0000000080000000, 0x0000000100000000)
  region size 1024K, 13 young (13312K), 13 survivors (13312K)
 Metaspace       used 44662K, capacity 45800K, committed 45900K, reserved 1089536K
  class space    used 5736K, capacity 6156K, committed 6220K, reserved 1048576K
}
Event: 9.228 GC heap before
{Heap before GC invocations=7 (full 0):
 garbage-first heap   total 260096K, used 172187K [0x0000000080000000, 0x0000000100000000)
  region size 1024K, 144 young (147456K), 13 survivors (13312K)
 Metaspace       used 53564K, capacity 54961K, committed 55116K, reserved 1097728K
  class space    used 6837K, capacity 7378K, committed 7500K, reserved 1048576K
}
Event: 9.246 GC heap after
{Heap after GC invocations=8 (full 0):
 garbage-first heap   total 260096K, used 51315K [0x0000000080000000, 0x0000000100000000)
  region size 1024K, 18 young (18432K), 18 survivors (18432K)
 Metaspace       used 53564K, capacity 54961K, committed 55116K, reserved 1097728K
  class space    used 6837K, capacity 7378K, committed 7500K, reserved 1048576K
}
Event: 9.879 GC heap before
{Heap before GC invocations=8 (full 0):
 garbage-first heap   total 260096K, used 87155K [0x0000000080000000, 0x0000000100000000)
  region size 1024K, 54 young (55296K), 18 survivors (18432K)
 Metaspace       used 58664K, capacity 60179K, committed 60236K, reserved 1101824K
  class space    used 7420K, capacity 7983K, committed 8012K, reserved 1048576K
}
Event: 9.901 GC heap after
{Heap after GC invocations=9 (full 0):
 garbage-first heap   total 260096K, used 54625K [0x0000000080000000, 0x0000000100000000)
  region size 1024K, 4 young (4096K), 4 survivors (4096K)
 Metaspace       used 58664K, capacity 60179K, committed 60236K, reserved 1101824K
  class space    used 7420K, capacity 7983K, committed 8012K, reserved 1048576K
}
Event: 12.804 GC heap before
{Heap before GC invocations=10 (full 0):
 garbage-first heap   total 260096K, used 150881K [0x0000000080000000, 0x0000000100000000)
  region size 1024K, 98 young (100352K), 4 survivors (4096K)
 Metaspace       used 68004K, capacity 69614K, committed 69964K, reserved 1110016K
  class space    used 8575K, capacity 9171K, committed 9292K, reserved 1048576K
}
Event: 12.817 GC heap after
{Heap after GC invocations=11 (full 0):
 garbage-first heap   total 260096K, used 59503K [0x0000000080000000, 0x0000000100000000)
  region size 1024K, 9 young (9216K), 9 survivors (9216K)
 Metaspace       used 68004K, capacity 69614K, committed 69964K, reserved 1110016K
  class space    used 8575K, capacity 9171K, committed 9292K, reserved 1048576K
}
Event: 15.429 GC heap before
{Heap before GC invocations=12 (full 0):
 garbage-first heap   total 260096K, used 160879K [0x0000000080000000, 0x0000000100000000)
  region size 1024K, 108 young (110592K), 9 survivors (9216K)
 Metaspace       used 75437K, capacity 77086K, committed 77260K, reserved 1116160K
  class space    used 9712K, capacity 10355K, committed 10444K, reserved 1048576K
}
Event: 15.441 GC heap after
{Heap after GC invocations=13 (full 0):
 garbage-first heap   total 260096K, used 66928K [0x0000000080000000, 0x0000000100000000)
  region size 1024K, 14 young (14336K), 14 survivors (14336K)
 Metaspace       used 75437K, capacity 77086K, committed 77260K, reserved 1116160K
  class space    used 9712K, capacity 10355K, committed 10444K, reserved 1048576K
}
Event: 16.865 GC heap before
{Heap before GC invocations=13 (full 0):
 garbage-first heap   total 260096K, used 170352K [0x0000000080000000, 0x0000000100000000)
  region size 1024K, 116 young (118784K), 14 survivors (14336K)
 Metaspace       used 85603K, capacity 87507K, committed 87628K, reserved 1124352K
  class space    used 11025K, capacity 11751K, committed 11852K, reserved 1048576K
}
Event: 16.886 GC heap after
{Heap after GC invocations=14 (full 0):
 garbage-first heap   total 260096K, used 74994K [0x0000000080000000, 0x0000000100000000)
  region size 1024K, 15 young (15360K), 15 survivors (15360K)
 Metaspace       used 85603K, capacity 87507K, committed 87628K, reserved 1124352K
  class space    used 11025K, capacity 11751K, committed 11852K, reserved 1048576K
}
Event: 18.517 GC heap before
{Heap before GC invocations=14 (full 0):
 garbage-first heap   total 260096K, used 177394K [0x0000000080000000, 0x0000000100000000)
  region size 1024K, 116 young (118784K), 15 survivors (15360K)
 Metaspace       used 87862K, capacity 90098K, committed 90316K, reserved 1128448K
  class space    used 11276K, capacity 12115K, committed 12236K, reserved 1048576K
}
Event: 18.535 GC heap after
{Heap after GC invocations=15 (full 0):
 garbage-first heap   total 260096K, used 84377K [0x0000000080000000, 0x0000000100000000)
  region size 1024K, 9 young (9216K), 9 survivors (9216K)
 Metaspace       used 87862K, capacity 90098K, committed 90316K, reserved 1128448K
  class space    used 11276K, capacity 12115K, committed 12236K, reserved 1048576K
}

Deoptimization events (20 events):
Event: 19.050 Thread 0x000001def9f75800 DEOPT PACKING pc=0x000001dee55e5110 sp=0x000000c813afa4b0
Event: 19.050 Thread 0x000001def9f75800 DEOPT UNPACKING pc=0x000001dedd5a83af sp=0x000000c813afa488 mode 2
Event: 19.050 Thread 0x000001def9f75800 Uncommon trap: trap_request=0xffffffc6 fr.pc=0x000001dee55dbc80 relative=0x0000000000000520
Event: 19.050 Thread 0x000001def9f75800 Uncommon trap: reason=bimorphic_or_optimized_type_check action=maybe_recompile pc=0x000001dee55dbc80 method=org.apache.xerces.dom.NamedNodeMapImpl.findNamePoint(Ljava/lang/String;I)I @ 50 c2
Event: 19.050 Thread 0x000001def9f75800 DEOPT PACKING pc=0x000001dee55dbc80 sp=0x000000c813afa450
Event: 19.050 Thread 0x000001def9f75800 DEOPT UNPACKING pc=0x000001dedd5a83af sp=0x000000c813afa3d0 mode 2
Event: 19.050 Thread 0x000001def9f75800 Uncommon trap: trap_request=0xffffffc6 fr.pc=0x000001dee55dbc80 relative=0x0000000000000520
Event: 19.050 Thread 0x000001def9f75800 Uncommon trap: reason=bimorphic_or_optimized_type_check action=maybe_recompile pc=0x000001dee55dbc80 method=org.apache.xerces.dom.NamedNodeMapImpl.findNamePoint(Ljava/lang/String;I)I @ 50 c2
Event: 19.050 Thread 0x000001def9f75800 DEOPT PACKING pc=0x000001dee55dbc80 sp=0x000000c813afa450
Event: 19.050 Thread 0x000001def9f75800 DEOPT UNPACKING pc=0x000001dedd5a83af sp=0x000000c813afa3d0 mode 2
Event: 19.050 Thread 0x000001def9f75800 Uncommon trap: trap_request=0xffffff4d fr.pc=0x000001dee5422360 relative=0x0000000000000340
Event: 19.050 Thread 0x000001def9f75800 Uncommon trap: reason=unstable_if action=reinterpret pc=0x000001dee5422360 method=java.util.HashMap$HashIterator.<init>(Ljava/util/HashMap;)V @ 45 c2
Event: 19.050 Thread 0x000001def9f75800 DEOPT PACKING pc=0x000001dee5422360 sp=0x000000c813afa5a0
Event: 19.050 Thread 0x000001def9f75800 DEOPT UNPACKING pc=0x000001dedd5a83af sp=0x000000c813afa558 mode 2
Event: 19.076 Thread 0x000001def9f75800 DEOPT PACKING pc=0x000001deddfd8811 sp=0x000000c813afa690
Event: 19.076 Thread 0x000001def9f75800 DEOPT UNPACKING pc=0x000001dedd5c7c0e sp=0x000000c813af9b68 mode 0
Event: 19.226 Thread 0x000001def9f75800 Uncommon trap: trap_request=0xffffff4d fr.pc=0x000001dee55de288 relative=0x0000000000000068
Event: 19.226 Thread 0x000001def9f75800 Uncommon trap: reason=unstable_if action=reinterpret pc=0x000001dee55de288 method=org.apache.xerces.dom.NodeImpl.hasStringValue(Z)V @ 2 c2
Event: 19.226 Thread 0x000001def9f75800 DEOPT PACKING pc=0x000001dee55de288 sp=0x000000c813afa180
Event: 19.226 Thread 0x000001def9f75800 DEOPT UNPACKING pc=0x000001dedd5a83af sp=0x000000c813afa118 mode 2

Classes redefined (0 events):
No events

Internal exceptions (20 events):
Event: 16.823 Thread 0x000001def63fb800 Exception <a 'java/lang/NoSuchMethodError'{0x0000000089a581c0}: <clinit>> (0x0000000089a581c0) thrown at [./src/hotspot/share/prims/jni.cpp, line 1362]
Event: 16.857 Thread 0x000001def9f6b800 Exception <a 'java/lang/NoSuchMethodError'{0x000000008aa88860}: <clinit>> (0x000000008aa88860) thrown at [./src/hotspot/share/prims/jni.cpp, line 1362]
Event: 16.860 Thread 0x000001def9f6b800 Exception <a 'java/lang/NoSuchMethodError'{0x000000008aa9da90}: <clinit>> (0x000000008aa9da90) thrown at [./src/hotspot/share/prims/jni.cpp, line 1362]
Event: 16.890 Thread 0x000001def9f6b800 Exception <a 'java/lang/NoSuchMethodError'{0x000000008fd0f200}: <clinit>> (0x000000008fd0f200) thrown at [./src/hotspot/share/prims/jni.cpp, line 1362]
Event: 16.896 Thread 0x000001def9f75800 Exception <a 'java/lang/IncompatibleClassChangeError'{0x000000008fdfd210}: Found class java.lang.Object, but interface was expected> (0x000000008fdfd210) thrown at [./src/hotspot/share/interpreter/linkResolver.cpp, line 839]
Event: 16.918 Thread 0x000001def63fb800 Exception <a 'java/lang/NoSuchMethodError'{0x000000008fb41c30}: <clinit>> (0x000000008fb41c30) thrown at [./src/hotspot/share/prims/jni.cpp, line 1362]
Event: 16.919 Thread 0x000001def9f75800 Exception <a 'java/lang/NoSuchMethodError'{0x000000008fb09ab0}: 'java.lang.Object java.lang.invoke.DirectMethodHandle$Holder.invokeInterface(java.lang.Object, java.lang.Object, int)'> (0x000000008fb09ab0) thrown at [./src/hotspot/share/interpreter/linkResolver.cpp, line 773]
Event: 16.921 Thread 0x000001def9f75800 Exception <a 'java/lang/NoSuchMethodError'{0x000000008fb4ab20}: 'void java.lang.invoke.DirectMethodHandle$Holder.invokeStatic(java.lang.Object, java.lang.Object, java.lang.Object, int)'> (0x000000008fb4ab20) thrown at [./src/hotspot/share/interpreter/linkResolver.cpp, line 773]
Event: 16.958 Thread 0x000001def9f75800 Exception <a 'java/lang/IncompatibleClassChangeError'{0x000000008f92ad58}: Found class java.lang.Object, but interface was expected> (0x000000008f92ad58) thrown at [./src/hotspot/share/interpreter/linkResolver.cpp, line 839]
Event: 16.967 Thread 0x000001def9f75800 Exception <a 'java/lang/IncompatibleClassChangeError'{0x000000008f94f3a8}: Found class java.lang.Object, but interface was expected> (0x000000008f94f3a8) thrown at [./src/hotspot/share/interpreter/linkResolver.cpp, line 839]
Event: 17.444 Thread 0x000001def9f75800 Exception <a 'java/lang/NoSuchMethodError'{0x000000008ed57350}: 'void java.lang.invoke.DirectMethodHandle$Holder.invokeStatic(java.lang.Object, java.lang.Object, java.lang.Object, java.lang.Object, int, java.lang.Object, java.lang.Object)'> (0x000000008ed57350) thrown at [./src/hotspot/share/interpreter/linkResolver.cpp, line 773]
Event: 17.472 Thread 0x000001def77fb800 Exception <a 'java/lang/NoSuchMethodError'{0x000000008e3787b0}: 'java.lang.Object java.lang.invoke.DirectMethodHandle$Holder.invokeSpecialIFC(java.lang.Object, java.lang.Object, java.lang.Object)'> (0x000000008e3787b0) thrown at [./src/hotspot/share/interpreter/linkResolver.cpp, line 773]
Event: 17.472 Thread 0x000001def7b55800 Exception <a 'java/lang/NoSuchMethodError'{0x000000008ecc2d20}: 'java.lang.Object java.lang.invoke.DirectMethodHandle$Holder.invokeSpecialIFC(java.lang.Object, java.lang.Object, java.lang.Object)'> (0x000000008ecc2d20) thrown at [./src/hotspot/share/interpreter/linkResolver.cpp, line 773]
Event: 17.472 Thread 0x000001def8633800 Exception <a 'java/lang/NoSuchMethodError'{0x000000008ece3c10}: 'java.lang.Object java.lang.invoke.DirectMethodHandle$Holder.invokeSpecialIFC(java.lang.Object, java.lang.Object, java.lang.Object)'> (0x000000008ece3c10) thrown at [./src/hotspot/share/interpreter/linkResolver.cpp, line 773]
Event: 17.472 Thread 0x000001def8631000 Exception <a 'java/lang/NoSuchMethodError'{0x000000008ec759e8}: 'java.lang.Object java.lang.invoke.DirectMethodHandle$Holder.invokeSpecialIFC(java.lang.Object, java.lang.Object, java.lang.Object)'> (0x000000008ec759e8) thrown at [./src/hotspot/share/interpreter/linkResolver.cpp, line 773]
Event: 17.473 Thread 0x000001def9f75800 Exception <a 'java/lang/NoSuchMethodError'{0x000000008e313010}: 'java.lang.Object java.lang.invoke.DirectMethodHandle$Holder.invokeSpecialIFC(java.lang.Object, java.lang.Object, java.lang.Object)'> (0x000000008e313010) thrown at [./src/hotspot/share/interpreter/linkResolver.cpp, line 773]
Event: 17.472 Thread 0x000001def8632000 Exception <a 'java/lang/NoSuchMethodError'{0x000000008e35e9e0}: 'java.lang.Object java.lang.invoke.DirectMethodHandle$Holder.invokeSpecialIFC(java.lang.Object, java.lang.Object, java.lang.Object)'> (0x000000008e35e9e0) thrown at [./src/hotspot/share/interpreter/linkResolver.cpp, line 773]
Event: 17.517 Thread 0x000001def7b55800 Exception <a 'java/lang/NoSuchMethodError'{0x000000008e0a0d00}: 'int java.lang.invoke.DirectMethodHandle$Holder.invokeStaticInit(java.lang.Object, java.lang.Object, java.lang.Object, java.lang.Object, java.lang.Object)'> (0x000000008e0a0d00) thrown at [./src/hotspot/share/interpreter/linkResolver.cpp, line 773]
Event: 17.694 Thread 0x000001def7b55800 Exception <a 'java/lang/NoSuchMethodError'{0x000000008da0f860}: 'void java.lang.invoke.DirectMethodHandle$Holder.invokeVirtual(java.lang.Object, java.lang.Object)'> (0x000000008da0f860) thrown at [./src/hotspot/share/interpreter/linkResolver.cpp, line 773]
Event: 18.810 Thread 0x000001def9f75800 Implicit null exception at 0x000001dee53c0984 to 0x000001dee53c0b7c

Events (20 events):
Event: 19.220 Executing VM operation: Deoptimize
Event: 19.222 Executing VM operation: Deoptimize done
Event: 19.224 loading class org/apache/xerces/dom/DOMImplementationImpl
Event: 19.224 loading class org/apache/xerces/dom/DOMImplementationImpl done
Event: 19.224 loading class org/w3c/dom/DOMImplementation
Event: 19.224 loading class org/w3c/dom/DOMImplementation done
Event: 19.224 loading class org/apache/xerces/dom/CoreDOMImplementationImpl
Event: 19.224 loading class org/apache/xerces/dom/CoreDOMImplementationImpl done
Event: 19.225 loading class org/w3c/dom/ls/DOMImplementationLS
Event: 19.225 loading class org/w3c/dom/ls/DOMImplementationLS done
Event: 19.225 loading class org/w3c/dom/ls/LSSerializer
Event: 19.225 loading class org/w3c/dom/ls/LSSerializer done
Event: 19.225 loading class org/w3c/dom/ls/LSOutput
Event: 19.226 loading class org/w3c/dom/ls/LSOutput done
Event: 19.226 loading class org/w3c/dom/ls/LSInput
Event: 19.226 loading class org/w3c/dom/ls/LSInput done
Event: 19.226 loading class org/w3c/dom/ls/LSParser
Event: 19.226 loading class org/w3c/dom/ls/LSParser done
Event: 19.226 loading class org/apache/xerces/dom/DeferredDOMImplementationImpl
Event: 19.226 loading class org/apache/xerces/dom/DeferredDOMImplementationImpl done


Dynamic libraries:
0x00007ff6837d0000 - 0x00007ff6837da000 	C:\Program Files\Android\Android Studio\jre\bin\java.exe
0x00007ffd19a70000 - 0x00007ffd19c65000 	C:\Windows\SYSTEM32\ntdll.dll
0x00007ffd17b60000 - 0x00007ffd17c1e000 	C:\Windows\System32\KERNEL32.DLL
0x00007ffd17390000 - 0x00007ffd17658000 	C:\Windows\System32\KERNELBASE.dll
0x00007ffd179a0000 - 0x00007ffd17aa0000 	C:\Windows\System32\ucrtbase.dll
0x00007ffce7270000 - 0x00007ffce7289000 	C:\Program Files\Android\Android Studio\jre\bin\jli.dll
0x00007ffce6e10000 - 0x00007ffce6e27000 	C:\Program Files\Android\Android Studio\jre\bin\VCRUNTIME140.dll
0x00007ffd19760000 - 0x00007ffd19900000 	C:\Windows\System32\USER32.dll
0x00007ffd17aa0000 - 0x00007ffd17ac2000 	C:\Windows\System32\win32u.dll
0x00007ffcfc870000 - 0x00007ffcfcb0a000 	C:\Windows\WinSxS\amd64_microsoft.windows.common-controls_6595b64144ccf1df_6.0.19041.1110_none_60b5254171f9507e\COMCTL32.dll
0x00007ffd18900000 - 0x00007ffd1892a000 	C:\Windows\System32\GDI32.dll
0x00007ffd18840000 - 0x00007ffd188de000 	C:\Windows\System32\msvcrt.dll
0x00007ffd17840000 - 0x00007ffd1794b000 	C:\Windows\System32\gdi32full.dll
0x00007ffd176f0000 - 0x00007ffd1778d000 	C:\Windows\System32\msvcp_win.dll
0x00007ffd18a50000 - 0x00007ffd18a80000 	C:\Windows\System32\IMM32.DLL
0x00007ffcce7d0000 - 0x00007ffcce86d000 	C:\Program Files\Android\Android Studio\jre\bin\msvcp140.dll
0x00007ffcab990000 - 0x00007ffcac465000 	C:\Program Files\Android\Android Studio\jre\bin\server\jvm.dll
0x00007ffd18530000 - 0x00007ffd185de000 	C:\Windows\System32\ADVAPI32.dll
0x00007ffd19660000 - 0x00007ffd196fc000 	C:\Windows\System32\sechost.dll
0x00007ffd19900000 - 0x00007ffd19a25000 	C:\Windows\System32\RPCRT4.dll
0x00007ffd17c20000 - 0x00007ffd17c28000 	C:\Windows\System32\PSAPI.DLL
0x00007ffcef6b0000 - 0x00007ffcef6b9000 	C:\Windows\SYSTEM32\WSOCK32.dll
0x00007ffd0bbc0000 - 0x00007ffd0bbca000 	C:\Windows\SYSTEM32\VERSION.dll
0x00007ffcf7330000 - 0x00007ffcf7357000 	C:\Windows\SYSTEM32\WINMM.dll
0x00007ffd18fc0000 - 0x00007ffd1902b000 	C:\Windows\System32\WS2_32.dll
0x00007ffd15a40000 - 0x00007ffd15a52000 	C:\Windows\SYSTEM32\kernel.appcore.dll
0x00007ffceed70000 - 0x00007ffceed81000 	C:\Program Files\Android\Android Studio\jre\bin\verify.dll
0x00007ffd15760000 - 0x00007ffd15944000 	C:\Windows\SYSTEM32\DBGHELP.DLL
0x00007ffd06a60000 - 0x00007ffd06a8c000 	C:\Windows\SYSTEM32\dbgcore.DLL
0x00007ffd17660000 - 0x00007ffd176e2000 	C:\Windows\System32\bcryptPrimitives.dll
0x00007ffceeb10000 - 0x00007ffceeb39000 	C:\Program Files\Android\Android Studio\jre\bin\java.dll
0x00007ffd06d20000 - 0x00007ffd06d2b000 	C:\Program Files\Android\Android Studio\jre\bin\jimage.dll
0x00007ffce7420000 - 0x00007ffce7438000 	C:\Program Files\Android\Android Studio\jre\bin\zip.dll
0x00007ffd17c30000 - 0x00007ffd18374000 	C:\Windows\System32\SHELL32.dll
0x00007ffd12730000 - 0x00007ffd12ec4000 	C:\Windows\SYSTEM32\windows.storage.dll
0x00007ffd19120000 - 0x00007ffd19474000 	C:\Windows\System32\combase.dll
0x00007ffd16c00000 - 0x00007ffd16c2c000 	C:\Windows\SYSTEM32\Wldp.dll
0x00007ffd18930000 - 0x00007ffd189dd000 	C:\Windows\System32\SHCORE.dll
0x00007ffd189f0000 - 0x00007ffd18a45000 	C:\Windows\System32\shlwapi.dll
0x00007ffd170d0000 - 0x00007ffd170ef000 	C:\Windows\SYSTEM32\profapi.dll
0x00007ffce7400000 - 0x00007ffce741a000 	C:\Program Files\Android\Android Studio\jre\bin\net.dll
0x00007ffd0f730000 - 0x00007ffd0f83a000 	C:\Windows\SYSTEM32\WINHTTP.dll
0x00007ffd16960000 - 0x00007ffd169ca000 	C:\Windows\system32\mswsock.dll
0x00007ffce73e0000 - 0x00007ffce73f4000 	C:\Program Files\Android\Android Studio\jre\bin\nio.dll
0x00007ffd06b00000 - 0x00007ffd06b27000 	C:\Users\hp\.gradle\native\e1d6ef7f7dcc3fd88c89a11ec53ec762bb8ba0a96d01ffa2cd45eb1d1d8dd5c5\windows-amd64\native-platform.dll
0x00007ffcc8e30000 - 0x00007ffcc8f74000 	C:\Users\hp\.gradle\native\5664cfc778a61ccfe75a443a1ab52a65af34e5dc3c78e0209fed803814484fcb\windows-amd64\native-platform-file-events.dll
0x00007ffd06cd0000 - 0x00007ffd06cda000 	C:\Program Files\Android\Android Studio\jre\bin\management.dll
0x00007ffd06ae0000 - 0x00007ffd06aed000 	C:\Program Files\Android\Android Studio\jre\bin\management_ext.dll
0x00007ffd16b60000 - 0x00007ffd16b78000 	C:\Windows\SYSTEM32\CRYPTSP.dll
0x00007ffd16270000 - 0x00007ffd162a4000 	C:\Windows\system32\rsaenh.dll
0x00007ffd17200000 - 0x00007ffd17227000 	C:\Windows\System32\bcrypt.dll
0x00007ffd17050000 - 0x00007ffd1707e000 	C:\Windows\SYSTEM32\USERENV.dll
0x00007ffd16b50000 - 0x00007ffd16b5c000 	C:\Windows\SYSTEM32\CRYPTBASE.dll
0x00007ffd16600000 - 0x00007ffd1663b000 	C:\Windows\SYSTEM32\IPHLPAPI.DLL
0x00007ffd189e0000 - 0x00007ffd189e8000 	C:\Windows\System32\NSI.dll
0x00007ffd0bc80000 - 0x00007ffd0bc97000 	C:\Windows\SYSTEM32\dhcpcsvc6.DLL
0x00007ffd0c690000 - 0x00007ffd0c6ad000 	C:\Windows\SYSTEM32\dhcpcsvc.DLL
0x00007ffd16640000 - 0x00007ffd1670b000 	C:\Windows\SYSTEM32\DNSAPI.dll

dbghelp: loaded successfully - version: 4.0.5 - missing functions: none
symbol engine: initialized successfully - sym options: 0x614 - pdb path: .;C:\Program Files\Android\Android Studio\jre\bin;C:\Windows\SYSTEM32;C:\Windows\WinSxS\amd64_microsoft.windows.common-controls_6595b64144ccf1df_6.0.19041.1110_none_60b5254171f9507e;C:\Program Files\Android\Android Studio\jre\bin\server;C:\Users\hp\.gradle\native\e1d6ef7f7dcc3fd88c89a11ec53ec762bb8ba0a96d01ffa2cd45eb1d1d8dd5c5\windows-amd64;C:\Users\hp\.gradle\native\5664cfc778a61ccfe75a443a1ab52a65af34e5dc3c78e0209fed803814484fcb\windows-amd64

VM Arguments:
jvm_args: --add-opens=java.base/java.util=ALL-UNNAMED --add-opens=java.base/java.lang=ALL-UNNAMED --add-opens=java.base/java.lang.invoke=ALL-UNNAMED --add-opens=java.base/java.util=ALL-UNNAMED --add-opens=java.prefs/java.util.prefs=ALL-UNNAMED --add-opens=java.prefs/java.util.prefs=ALL-UNNAMED --add-opens=java.base/java.nio.charset=ALL-UNNAMED --add-opens=java.base/java.net=ALL-UNNAMED --add-opens=java.base/java.util.concurrent.atomic=ALL-UNNAMED -Xmx2048m -Dfile.encoding=UTF-8 -Duser.country=IN -Duser.language=en -Duser.variant 
java_command: org.gradle.launcher.daemon.bootstrap.GradleDaemon 7.2
java_class_path (initial): C:\Users\hp\.gradle\wrapper\dists\gradle-7.2-bin\2dnblmf4td7x66yl1d74lt32g\gradle-7.2\lib\gradle-launcher-7.2.jar
Launcher Type: SUN_STANDARD

[Global flags]
     intx CICompilerCount                          = 4                                         {product} {ergonomic}
     uint ConcGCThreads                            = 2                                         {product} {ergonomic}
     uint G1ConcRefinementThreads                  = 8                                         {product} {ergonomic}
   size_t G1HeapRegionSize                         = 1048576                                   {product} {ergonomic}
    uintx GCDrainStackTargetSize                   = 64                                        {product} {ergonomic}
   size_t InitialHeapSize                          = 266338304                                 {product} {ergonomic}
   size_t MarkStackSize                            = 4194304                                   {product} {ergonomic}
   size_t MaxHeapSize                              = 2147483648                                {product} {command line}
   size_t MaxNewSize                               = 1287651328                                {product} {ergonomic}
   size_t MinHeapDeltaBytes                        = 1048576                                   {product} {ergonomic}
    uintx NonNMethodCodeHeapSize                   = 5836300                                {pd product} {ergonomic}
    uintx NonProfiledCodeHeapSize                  = 122910970                              {pd product} {ergonomic}
    uintx ProfiledCodeHeapSize                     = 122910970                              {pd product} {ergonomic}
    uintx ReservedCodeCacheSize                    = 251658240                              {pd product} {ergonomic}
     bool SegmentedCodeCache                       = true                                      {product} {ergonomic}
     bool UseCompressedClassPointers               = true                                 {lp64_product} {ergonomic}
     bool UseCompressedOops                        = true                                 {lp64_product} {ergonomic}
     bool UseG1GC                                  = true                                      {product} {ergonomic}
     bool UseLargePagesIndividualAllocation        = false                                  {pd product} {ergonomic}

Logging:
Log output configuration:
 #0: stdout all=warning uptime,level,tags
 #1: stderr all=off uptime,level,tags

Environment Variables:
PATH=C:\app\hp\product\21c\dbhomeXE\bin;C:\Program Files (x86)\Common Files\Oracle\Java\javapath;C:\Windows\system32;C:\Windows;C:\Windows\System32\Wbem;C:\Windows\System32\WindowsPowerShell\v1.0\;C:\Windows\System32\OpenSSH\;C:\Program Files\Git\cmd;C:\Users\hp\AppData\Local\Microsoft\WindowsApps;C:\Users\hp\Downloads\kotlin-compiler-1.6.21\kotlinc\bin;
USERNAME=hp
OS=Windows_NT
PROCESSOR_IDENTIFIER=Intel64 Family 6 Model 140 Stepping 1, GenuineIntel



---------------  S Y S T E M  ---------------

OS: Windows 10 , 64 bit Build 19041 (10.0.19041.1645)
OS uptime: 12 days 21:16 hours

CPU:total 8 (initial active 8) (4 cores per cpu, 2 threads per core) family 6 model 140 stepping 1 microcode 0x86, cmov, cx8, fxsr, mmx, sse, sse2, sse3, ssse3, sse4.1, sse4.2, popcnt, avx, avx2, aes, clmul, erms, 3dnowpref, lzcnt, ht, tsc, tscinvbit, bmi1, bmi2, adx, evex, sha, fma

Memory: 4k page, system-wide physical 16149M (317M free)
TotalPageFile size 34119M (AvailPageFile size 8M)
current process WorkingSet (physical memory assigned to process): 498M, peak: 500M
current process commit charge ("private bytes"): 554M, peak: 558M

vm_info: OpenJDK 64-Bit Server VM (11.0.11+9-b60-7590822) for windows-amd64 JRE (11.0.11+9-b60-7590822), built on Jul 29 2021 21:43:44 by "builder" with MS VC++ 14.0 (VS2015)

END.
